#
# A fatal error has been detected by the Java Runtime Environment:
#
#  EXCEPTION_ACCESS_VIOLATION (0xc0000005) at pc=0x00007ffde386cae5, pid=17268, tid=14176
#
# JRE version: Java(TM) SE Runtime Environment (22.0.1+8) (build 22.0.1+8-16)
# Java VM: Java HotSpot(TM) 64-Bit Server VM (22.0.1+8-16, mixed mode, sharing, tiered, compressed oops, compressed class ptrs, g1 gc, windows-amd64)
# Problematic frame:
# V  [jvm.dll+0x31cae5]
#
# No core dump will be written. Minidumps are not enabled by default on client versions of Windows
#
# If you would like to submit a bug report, please visit:
#   https://bugreport.java.com/bugreport/crash.jsp
#

---------------  S U M M A R Y ------------

Command Line: -XX:MaxMetaspaceSize=512m --add-opens=java.base/java.util=ALL-UNNAMED --add-opens=java.base/java.lang=ALL-UNNAMED --add-opens=java.base/java.lang.invoke=ALL-UNNAMED --add-opens=java.prefs/java.util.prefs=ALL-UNNAMED --add-opens=java.base/java.nio.charset=ALL-UNNAMED --add-opens=java.base/java.net=ALL-UNNAMED --add-opens=java.base/java.util.concurrent.atomic=ALL-UNNAMED -Xmx2048m -Dfile.encoding=utf8 -Duser.country=US -Duser.language=en -Duser.variant -javaagent:C:\Users\BAYU\.gradle\wrapper\dists\gradle-8.6-all\3mbtmo166bl6vumsh5k2lkq5h\gradle-8.6\lib\agents\gradle-instrumentation-agent-8.6.jar org.gradle.launcher.daemon.bootstrap.GradleDaemon 8.6

Host: Intel(R) Core(TM) i5-8300H CPU @ 2.30GHz, 8 cores, 7G,  Windows 11 , 64 bit Build 22621 (10.0.22621.3527)
Time: Sat Jun  1 19:42:37 2024 SE Asia Standard Time elapsed time: 55.190396 seconds (0d 0h 0m 55s)

---------------  T H R E A D  ---------------

Current thread (0x00000149aa28a7a0):  WorkerThread "G1 Conc#0"      [id=14176, stack(0x000000136bb00000,0x000000136bc00000) (1024K)]

Stack: [0x000000136bb00000,0x000000136bc00000],  sp=0x000000136bbff5b0,  free space=1021k
Native frames: (J=compiled Java code, j=interpreted, Vv=VM code, C=native code)
V  [jvm.dll+0x31cae5]  (no source info available)
V  [jvm.dll+0x31c97f]  (no source info available)
V  [jvm.dll+0x31aaed]  (no source info available)
V  [jvm.dll+0x333632]  (no source info available)
V  [jvm.dll+0x339710]  (no source info available)
V  [jvm.dll+0x335fd1]  (no source info available)
V  [jvm.dll+0x337b5c]  (no source info available)
V  [jvm.dll+0x3368c4]  (no source info available)
V  [jvm.dll+0x33a226]  (no source info available)
V  [jvm.dll+0x8a4297]  (no source info available)
V  [jvm.dll+0x81d44b]  (no source info available)
V  [jvm.dll+0x6e0915]  (no source info available)
C  [ucrtbase.dll+0x29333]  (no source info available)
C  [KERNEL32.DLL+0x1257d]  (no source info available)
C  [ntdll.dll+0x5aa48]  (no source info available)


siginfo: EXCEPTION_ACCESS_VIOLATION (0xc0000005), reading address 0x00000151aa248400


Registers:
RAX=0x00000149aa24c400, RBX=0x00000149aa28c580, RCX=0x0000000000000014, RDX=0x0000000000000000
RSP=0x000000136bbff5b0, RBP=0x0000000000000000, RSI=0x00000149aa2782e0, RDI=0x0000000000000020
R8 =0x0000000000000020, R9 =0x00000000fffff800, R10=0x00000149aa231c60, R11=0x0000000000000003
R12=0x0000000000000001, R13=0x00000149aa28af38, R14=0x00000149aa28ab01, R15=0x000000136bbff730
RIP=0x00007ffde386cae5, EFLAGS=0x0000000000010a06


Register to memory mapping:

RAX=0x00000149aa24c400 points into unknown readable memory: 0x00000149aa2b4840 | 40 48 2b aa 49 01 00 00
RBX=0x00000149aa28c580 points into unknown readable memory: 0x00007ffde3f40648 | 48 06 f4 e3 fd 7f 00 00
RCX=0x0000000000000014 is an unknown value
RDX=0x0 is null
RSP=0x000000136bbff5b0 points into unknown readable memory: 0x0000e9be37e80c0a | 0a 0c e8 37 be e9 00 00
RBP=0x0 is null
RSI=0x00000149aa2782e0 points into unknown readable memory: 0x00000149aa288bd0 | d0 8b 28 aa 49 01 00 00
RDI=0x0000000000000020 is an unknown value
R8 =0x0000000000000020 is an unknown value
R9 =
[error occurred during error reporting (printing register info), id 0xc0000005, EXCEPTION_ACCESS_VIOLATION (0xc0000005) at pc=0x00007ffde371efe1]
R10=0x00000149aa231c60 points into unknown readable memory: 0x00007ffde3f3ed40 | 40 ed f3 e3 fd 7f 00 00
R11=0x0000000000000003 is an unknown value
R12=0x0000000000000001 is an unknown value
R13=0x00000149aa28af38 points into unknown readable memory: 0x080bd00398118ae6 | e6 8a 11 98 03 d0 0b 08
R14=0x00000149aa28ab01 points into unknown readable memory: 8f 37 32 67 87 00 00
R15=0x000000136bbff730 points into unknown readable memory: 0x00000149aa2782e0 | e0 82 27 aa 49 01 00 00

Top of Stack: (sp=0x000000136bbff5b0)
0x000000136bbff5b0:   0000e9be37e80c0a 00007ffde386c97f
0x000000136bbff5c0:   0000000083cd9c00 00007ffde386c97f
0x000000136bbff5d0:   0000000000000020 00007ffde386c97f
0x000000136bbff5e0:   00000149aa28c580 000000136bbff770
0x000000136bbff5f0:   0000000082548238 00007ffde386ac1f
0x000000136bbff600:   000000136bbff770 00007ffde386aaed
0x000000136bbff610:   0000000082548228 00007ffde3883632
0x000000136bbff620:   000000136bbff730 00000149aa28ab01
0x000000136bbff630:   00000149c7001258 00007ffde3883632
0x000000136bbff640:   0000000000000005 0000000082548210
0x000000136bbff650:   0000000082547f78 0000000000000000
0x000000136bbff660:   00000149aa28c580 00007ffde3889710
0x000000136bbff670:   0000000082548210 00000149aa2782f0
0x000000136bbff680:   000000136bbff730 00000149aa2782f0
0x000000136bbff690:   0000000082548210 00007ffde3885fd1
0x000000136bbff6a0:   00000000004a9042 0000000000000000
0x000000136bbff6b0:   00000000825101c8 00007ffde3887497
0x000000136bbff6c0:   00000000004c0000 00007ffde3887b5c
0x000000136bbff6d0:   00000000825481e0 00000000004a9042
0x000000136bbff6e0:   00000000002aea54 0000000000000000
0x000000136bbff6f0:   0000000000000000 00000149aa28ab01
0x000000136bbff700:   00000149aa28c580 00007ffde38868c4
0x000000136bbff710:   00000149aa28c618 aaaaaaaaaaaaaaab
0x000000136bbff720:   0000000000000000 0000000000000000
0x000000136bbff730:   00000149aa2782e0 00000149aa28c580
0x000000136bbff740:   0000000082500000 0000000000020000
0x000000136bbff750:   0000000082500000 0000000000020000
0x000000136bbff760:   0000000000000000 00000000002625a0
0x000000136bbff770:   00007ffde3f40668 00000149c6a9a8a0
0x000000136bbff780:   0000000000000003 00000149aa231c60
0x000000136bbff790:   00000149aa28c580 00007ffde3c01273
0x000000136bbff7a0:   c215b08487ff0000 0000000000000000 

Instructions: (pc=0x00007ffde386cae5)
0x00007ffde386c9e5:   05 75 35 48 8b 83 a8 00 00 00 48 39 83 a0 00 00
0x00007ffde386c9f5:   00 73 10 48 8b 83 c0 00 00 00 48 39 83 b8 00 00
0x00007ffde386ca05:   00 72 7f 48 8b cb e8 20 bf 01 00 b0 01 48 8b 5c
0x00007ffde386ca15:   24 30 48 83 c4 20 5f c3 48 8b 53 30 44 8b 82 80
0x00007ffde386ca25:   00 00 00 8b 82 00 01 00 00 41 8b c8 2b c8 81 e1
0x00007ffde386ca35:   ff ff 01 00 81 f9 fe ff 01 00 72 2c 48 8b cb e8
0x00007ffde386ca45:   f7 b2 01 00 48 8b 53 30 44 8b 82 80 00 00 00 8b
0x00007ffde386ca55:   82 00 01 00 00 41 8b c8 2b c8 81 e1 ff ff 01 00
0x00007ffde386ca65:   81 f9 fe ff 01 00 73 1a 48 8b 82 80 01 00 00 4a
0x00007ffde386ca75:   89 3c c0 41 8d 40 01 25 ff ff 01 00 89 82 80 00
0x00007ffde386ca85:   00 00 48 8b 5c 24 30 b0 01 48 83 c4 20 5f c3 cc
0x00007ffde386ca95:   cc cc cc cc cc cc cc cc cc cc cc 48 89 6c 24 10
0x00007ffde386caa5:   48 89 74 24 18 57 48 83 ec 20 4c 8b 51 08 48 8b
0x00007ffde386cab5:   f1 4d 8b c8 8b ea 49 8b f8 41 8b 8a 18 02 00 00
0x00007ffde386cac5:   49 8b 82 10 02 00 00 48 d3 e0 8b 0d 1b 6f 92 00
0x00007ffde386cad5:   4c 2b c8 49 8b 82 f8 01 00 00 49 d3 e9 45 8b c9
0x00007ffde386cae5:   4a 8b 04 c8 48 8b 40 60 4c 3b c0 72 12 32 c0 48
0x00007ffde386caf5:   8b 6c 24 38 48 8b 74 24 40 48 83 c4 20 5f c3 48
0x00007ffde386cb05:   8b 46 10 48 8d 4e 10 48 8b d7 48 89 5c 24 30 ff
0x00007ffde386cb15:   10 8b 4e 28 48 8b d7 48 2b 56 18 48 8b 46 30 48
0x00007ffde386cb25:   c1 ea 03 48 d3 ea 48 8b ca 48 c1 e9 06 4c 8d 04
0x00007ffde386cb35:   c8 0f b6 ca 49 8b 00 80 e1 3f ba 01 00 00 00 48
0x00007ffde386cb45:   d3 e2 48 8b c8 48 0b ca 48 3b c8 74 12 f0 49 0f
0x00007ffde386cb55:   b1 08 74 25 48 8b c8 48 0b ca 48 3b c8 75 ee 32
0x00007ffde386cb65:   db 48 8b 6c 24 38 0f b6 c3 48 8b 5c 24 30 48 8b
0x00007ffde386cb75:   74 24 40 48 83 c4 20 5f c3 80 3d a6 fc 8b 00 00
0x00007ffde386cb85:   b3 01 74 15 8b 57 08 8b 0d b6 c3 91 00 48 d3 e2
0x00007ffde386cb95:   48 03 15 a4 c3 91 00 eb 04 48 8b 57 08 48 8b cf
0x00007ffde386cba5:   e8 c6 23 eb ff 48 8b 8e b8 02 00 00 4c 8b d8 4c
0x00007ffde386cbb5:   8b 0c e9 49 8b 51 18 8b 8a 18 02 00 00 4c 8b 82
0x00007ffde386cbc5:   10 02 00 00 41 8b 51 60 49 d3 e0 8b 0d 1a 6e 92
0x00007ffde386cbd5:   00 49 2b f8 48 d3 ef 44 8b d7 49 23 d2 48 c1 e2 


Stack slot to memory mapping:

stack at sp + 0 slots: 0x0000e9be37e80c0a is an unknown value
stack at sp + 1 slots: 0x00007ffde386c97f jvm.dll
stack at sp + 2 slots: 0x0000000083cd9c00 is an oop: java.lang.Class 
{0x0000000083cd9c00} - klass: 'java/lang/Class'
 - ---- fields (total size 14 words):
 - private volatile transient 'classRedefinedCount' 'I' @12  0 (0x00000000)
 - injected 'klass' 'J' @16  1416409354752 (0x00000149c8939200)
 - injected 'array_klass' 'J' @24  1416409355272 (0x00000149c8939408)
 - injected 'oop_size' 'I' @32  14 (0x0000000e)
 - injected 'static_oop_field_count' 'I' @36  0 (0x00000000)
 - private volatile transient 'cachedConstructor' 'Ljava/lang/reflect/Constructor;' @40  null (0x00000000)
 - private transient 'name' 'Ljava/lang/String;' @44  "kotlin.reflect.jvm.internal.impl.builtins.jvm.JavaToKotlinClassMap$PlatformMutabilityMapping"{0x0000000083cd9c70} (0x83cd9c70)
 - private transient 'module' 'Ljava/lang/Module;' @48  a 'java/lang/Module'{0x00000000807429f0} (0x807429f0)
 - private final 'classLoader' 'Ljava/lang/ClassLoader;' @52  a 'org/gradle/internal/classloader/VisitableURLClassLoader'{0x0000000080742a28} (0x80742a28)
 - private transient 'classData' 'Ljava/lang/Object;' @56  null (0x00000000)
 - private transient 'packageName' 'Ljava/lang/String;' @60  "kotlin.reflect.jvm.internal.impl.builtins.jvm"{0x000000008252a4f0} (0x8252a4f0)
 - private final 'componentType' 'Ljava/lang/Class;' @64  null (0x00000000)
 - private volatile transient 'reflectionData' 'Ljava/lang/ref/SoftReference;' @68  null (0x00000000)
 - private volatile transient 'genericInfo' 'Lsun/reflect/generics/repository/ClassRepository;' @72  null (0x00000000)
 - private volatile transient 'enumConstants' '[Ljava/lang/Object;' @76  null (0x00000000)
 - private volatile transient 'enumConstantDirectory' 'Ljava/util/Map;' @80  null (0x00000000)
 - private volatile transient 'annotationData' 'Ljava/lang/Class$AnnotationData;' @84  null (0x00000000)
 - private volatile transient 'annotationType' 'Lsun/reflect/annotation/AnnotationType;' @88  null (0x00000000)
 - transient 'classValueMap' 'Ljava/lang/ClassValue$ClassValueMap;' @92  null (0x00000000)
 - injected 'protection_domain' 'Ljava/lang/Object;' @96  a 'java/security/ProtectionDomain'{0x00000000826c5640} (0x826c5640)
 - injected 'signers_name' 'Ljava/lang/Object;' @100  null (0x00000000)
 - injected 'source_file' 'Ljava/lang/Object;' @104  null (0x00000000)
 - signature: Lkotlin/reflect/jvm/internal/impl/builtins/jvm/JavaToKotlinClassMap$PlatformMutabilityMapping;
 - ---- static fields (0):
stack at sp + 3 slots: 0x00007ffde386c97f jvm.dll
stack at sp + 4 slots: 0x0000000000000020 is an unknown value
stack at sp + 5 slots: 0x00007ffde386c97f jvm.dll
stack at sp + 6 slots: 0x00000149aa28c580 points into unknown readable memory: 0x00007ffde3f40648 | 48 06 f4 e3 fd 7f 00 00
stack at sp + 7 slots: 0x000000136bbff770 points into unknown readable memory: 0x00007ffde3f40668 | 68 06 f4 e3 fd 7f 00 00


---------------  P R O C E S S  ---------------

Threads class SMR info:
_java_thread_list=0x00000149ebac4ad0, length=55, elements={
0x00000149a7f54e60, 0x00000149c6ab9b20, 0x00000149c6aba840, 0x00000149c6abc410,
0x00000149c6abcfa0, 0x00000149c6abf120, 0x00000149c6abfb80, 0x00000149c6ac4930,
0x00000149c6ac5660, 0x00000149c6b0e940, 0x00000149e62b3fc0, 0x00000149e74bf970,
0x00000149e74a1070, 0x00000149e7c3c830, 0x00000149e7ae2250, 0x00000149e6fd7650,
0x00000149e7b8b080, 0x00000149e7b8bda0, 0x00000149e7b8c430, 0x00000149e7b8b710,
0x00000149e7e4e2d0, 0x00000149e7e503a0, 0x00000149e7e4dc40, 0x00000149e7e4c200,
0x00000149e7e4a7c0, 0x00000149e7e4eff0, 0x00000149e7e4a130, 0x00000149e7e4e960,
0x00000149e7e4f680, 0x00000149e7e4fd10, 0x00000149e7e4c890, 0x00000149e7e50a30,
0x00000149e7e4b4e0, 0x00000149e7e4d5b0, 0x00000149e98674e0, 0x00000149e9868f20,
0x00000149e98695b0, 0x00000149e9869c40, 0x00000149e9865aa0, 0x00000149e9864d80,
0x00000149e9867b70, 0x00000149e9868200, 0x00000149e88d2c50, 0x00000149e88d25c0,
0x00000149e88d0b80, 0x00000149e9866130, 0x00000149e986b680, 0x00000149e9582860,
0x00000149e9580e20, 0x00000149e9585650, 0x00000149e9580100, 0x00000149e9586370,
0x00000149e9584930, 0x00000149e9585ce0, 0x00000149e955f200
}

Java Threads: ( => current thread )
  0x00000149a7f54e60 JavaThread "main"                              [_thread_blocked, id=17300, stack(0x000000136b800000,0x000000136b900000) (1024K)]
  0x00000149c6ab9b20 JavaThread "Reference Handler"          daemon [_thread_blocked, id=6124, stack(0x000000136c000000,0x000000136c100000) (1024K)]
  0x00000149c6aba840 JavaThread "Finalizer"                  daemon [_thread_blocked, id=13804, stack(0x000000136c100000,0x000000136c200000) (1024K)]
  0x00000149c6abc410 JavaThread "Signal Dispatcher"          daemon [_thread_blocked, id=7872, stack(0x000000136c200000,0x000000136c300000) (1024K)]
  0x00000149c6abcfa0 JavaThread "Attach Listener"            daemon [_thread_blocked, id=17272, stack(0x000000136c300000,0x000000136c400000) (1024K)]
  0x00000149c6abf120 JavaThread "Service Thread"             daemon [_thread_blocked, id=16756, stack(0x000000136c400000,0x000000136c500000) (1024K)]
  0x00000149c6abfb80 JavaThread "Monitor Deflation Thread"   daemon [_thread_blocked, id=7760, stack(0x000000136c500000,0x000000136c600000) (1024K)]
  0x00000149c6ac4930 JavaThread "C2 CompilerThread0"         daemon [_thread_in_native, id=11620, stack(0x000000136c600000,0x000000136c700000) (1024K)]
  0x00000149c6ac5660 JavaThread "C1 CompilerThread0"         daemon [_thread_blocked, id=15328, stack(0x000000136c700000,0x000000136c800000) (1024K)]
  0x00000149c6b0e940 JavaThread "Common-Cleaner"             daemon [_thread_blocked, id=8288, stack(0x000000136c800000,0x000000136c900000) (1024K)]
  0x00000149e62b3fc0 JavaThread "Notification Thread"        daemon [_thread_blocked, id=11712, stack(0x000000136ca00000,0x000000136cb00000) (1024K)]
  0x00000149e74bf970 JavaThread "Daemon health stats"               [_thread_blocked, id=2556, stack(0x000000136c900000,0x000000136ca00000) (1024K)]
  0x00000149e74a1070 JavaThread "Incoming local TCP Connector on port 53089"        [_thread_in_native, id=11180, stack(0x000000136d000000,0x000000136d100000) (1024K)]
  0x00000149e7c3c830 JavaThread "Daemon periodic checks"            [_thread_blocked, id=12984, stack(0x000000136d100000,0x000000136d200000) (1024K)]
  0x00000149e7ae2250 JavaThread "Daemon"                            [_thread_blocked, id=1624, stack(0x000000136d200000,0x000000136d300000) (1024K)]
  0x00000149e6fd7650 JavaThread "Handler for socket connection from /127.0.0.1:53089 to /127.0.0.1:53090"        [_thread_in_native, id=3984, stack(0x000000136d300000,0x000000136d400000) (1024K)]
  0x00000149e7b8b080 JavaThread "Cancel handler"                    [_thread_blocked, id=5588, stack(0x000000136d400000,0x000000136d500000) (1024K)]
  0x00000149e7b8bda0 JavaThread "Daemon worker"                     [_thread_in_vm, id=6056, stack(0x000000136d500000,0x000000136d600000) (1024K)]
  0x00000149e7b8c430 JavaThread "Asynchronous log dispatcher for DefaultDaemonConnection: socket connection from /127.0.0.1:53089 to /127.0.0.1:53090"        [_thread_blocked, id=12824, stack(0x000000136d600000,0x000000136d700000) (1024K)]
  0x00000149e7b8b710 JavaThread "Stdin handler"                     [_thread_blocked, id=7996, stack(0x000000136d700000,0x000000136d800000) (1024K)]
  0x00000149e7e4e2d0 JavaThread "Daemon client event forwarder"        [_thread_blocked, id=5216, stack(0x000000136d800000,0x000000136d900000) (1024K)]
  0x00000149e7e503a0 JavaThread "Cache worker for journal cache (C:\Users\BAYU\.gradle\caches\journal-1)"        [_thread_blocked, id=6092, stack(0x000000136d900000,0x000000136da00000) (1024K)]
  0x00000149e7e4dc40 JavaThread "File lock request listener"        [_thread_in_native, id=4848, stack(0x000000136da00000,0x000000136db00000) (1024K)]
  0x00000149e7e4c200 JavaThread "Cache worker for file hash cache (C:\Users\BAYU\.gradle\caches\8.6\fileHashes)"        [_thread_blocked, id=10328, stack(0x000000136db00000,0x000000136dc00000) (1024K)]
  0x00000149e7e4a7c0 JavaThread "File watcher server"        daemon [_thread_in_native, id=14788, stack(0x000000136e000000,0x000000136e100000) (1024K)]
  0x00000149e7e4eff0 JavaThread "File watcher consumer"      daemon [_thread_blocked, id=16480, stack(0x000000136e100000,0x000000136e200000) (1024K)]
  0x00000149e7e4a130 JavaThread "Cache worker for checksums cache (D:\React Native TA\DJIPay\android\.gradle\8.6\checksums)"        [_thread_blocked, id=10448, stack(0x000000136e200000,0x000000136e300000) (1024K)]
  0x00000149e7e4e960 JavaThread "Cache worker for file hash cache (D:\React Native TA\DJIPay\android\.gradle\8.6\fileHashes)"        [_thread_blocked, id=768, stack(0x000000136e300000,0x000000136e400000) (1024K)]
  0x00000149e7e4f680 JavaThread "Cache worker for cache directory md-supplier (C:\Users\BAYU\.gradle\caches\8.6\md-supplier)"        [_thread_blocked, id=7276, stack(0x000000136e400000,0x000000136e500000) (1024K)]
  0x00000149e7e4fd10 JavaThread "Cache worker for cache directory md-rule (C:\Users\BAYU\.gradle\caches\8.6\md-rule)"        [_thread_blocked, id=8152, stack(0x000000136e500000,0x000000136e600000) (1024K)]
  0x00000149e7e4c890 JavaThread "Cache worker for file content cache (C:\Users\BAYU\.gradle\caches\8.6\fileContent)"        [_thread_blocked, id=6964, stack(0x000000136e600000,0x000000136e700000) (1024K)]
  0x00000149e7e50a30 JavaThread "jar transforms"                    [_thread_blocked, id=8284, stack(0x000000136e700000,0x000000136e800000) (1024K)]
  0x00000149e7e4b4e0 JavaThread "jar transforms Thread 2"           [_thread_blocked, id=7340, stack(0x000000136e900000,0x000000136ea00000) (1024K)]
  0x00000149e7e4d5b0 JavaThread "jar transforms Thread 3"           [_thread_blocked, id=17276, stack(0x000000136ea00000,0x000000136eb00000) (1024K)]
  0x00000149e98674e0 JavaThread "jar transforms Thread 4"           [_thread_blocked, id=2484, stack(0x000000136eb00000,0x000000136ec00000) (1024K)]
  0x00000149e9868f20 JavaThread "jar transforms Thread 5"           [_thread_blocked, id=2800, stack(0x000000136de00000,0x000000136df00000) (1024K)]
  0x00000149e98695b0 JavaThread "jar transforms Thread 6"           [_thread_blocked, id=13452, stack(0x000000136e800000,0x000000136e900000) (1024K)]
  0x00000149e9869c40 JavaThread "Exec process"                      [_thread_blocked, id=13872, stack(0x000000136ed00000,0x000000136ee00000) (1024K)]
  0x00000149e9865aa0 JavaThread "Exec process Thread 2"             [_thread_blocked, id=11224, stack(0x000000136ee00000,0x000000136ef00000) (1024K)]
  0x00000149e9864d80 JavaThread "Exec process Thread 3"             [_thread_blocked, id=1504, stack(0x000000136ef00000,0x000000136f000000) (1024K)]
  0x00000149e9867b70 JavaThread "jar transforms Thread 7"           [_thread_blocked, id=9388, stack(0x000000136f000000,0x000000136f100000) (1024K)]
  0x00000149e9868200 JavaThread "jar transforms Thread 8"           [_thread_blocked, id=3596, stack(0x000000136f100000,0x000000136f200000) (1024K)]
  0x00000149e88d2c50 JavaThread "Unconstrained build operations"        [_thread_blocked, id=7820, stack(0x000000136f400000,0x000000136f500000) (1024K)]
  0x00000149e88d25c0 JavaThread "Unconstrained build operations Thread 2"        [_thread_blocked, id=8592, stack(0x000000136f500000,0x000000136f600000) (1024K)]
  0x00000149e88d0b80 JavaThread "Cache worker for Build Output Cleanup Cache (D:\React Native TA\DJIPay\node_modules\@react-native\gradle-plugin\.gradle\buildOutputCleanup)"        [_thread_blocked, id=15468, stack(0x000000136ec00000,0x000000136ed00000) (1024K)]
  0x00000149e9866130 JavaThread "Unconstrained build operations Thread 3"        [_thread_blocked, id=9540, stack(0x000000136f600000,0x000000136f700000) (1024K)]
  0x00000149e986b680 JavaThread "Unconstrained build operations Thread 4"        [_thread_blocked, id=14664, stack(0x000000136f700000,0x000000136f800000) (1024K)]
  0x00000149e9582860 JavaThread "Unconstrained build operations Thread 5"        [_thread_blocked, id=15204, stack(0x000000136f800000,0x000000136f900000) (1024K)]
  0x00000149e9580e20 JavaThread "Unconstrained build operations Thread 6"        [_thread_blocked, id=164, stack(0x000000136f900000,0x000000136fa00000) (1024K)]
  0x00000149e9585650 JavaThread "Unconstrained build operations Thread 7"        [_thread_blocked, id=564, stack(0x000000136fa00000,0x000000136fb00000) (1024K)]
  0x00000149e9580100 JavaThread "Unconstrained build operations Thread 8"        [_thread_blocked, id=16096, stack(0x000000136fb00000,0x000000136fc00000) (1024K)]
  0x00000149e9586370 JavaThread "Unconstrained build operations Thread 9"        [_thread_blocked, id=6832, stack(0x000000136fc00000,0x000000136fd00000) (1024K)]
  0x00000149e9584930 JavaThread "build event listener"              [_thread_blocked, id=4728, stack(0x000000136fd00000,0x000000136fe00000) (1024K)]
  0x00000149e9585ce0 JavaThread "Memory manager"                    [_thread_blocked, id=10596, stack(0x000000136f200000,0x000000136f300000) (1024K)]
  0x00000149e955f200 JavaThread "C2 CompilerThread1"         daemon [_thread_blocked, id=320, stack(0x000000136fe00000,0x000000136ff00000) (1024K)]
Total: 55

Other Threads:
  0x00000149c6a9bcc0 VMThread "VM Thread"                           [id=17280, stack(0x000000136bf00000,0x000000136c000000) (1024K)]
  0x00000149c6a85500 WatcherThread "VM Periodic Task Thread"        [id=8264, stack(0x000000136be00000,0x000000136bf00000) (1024K)]
  0x00000149aa277ce0 WorkerThread "GC Thread#0"                     [id=7420, stack(0x000000136b900000,0x000000136ba00000) (1024K)]
  0x00000149e6eddab0 WorkerThread "GC Thread#1"                     [id=13352, stack(0x000000136cc00000,0x000000136cd00000) (1024K)]
  0x00000149e6d5cc90 WorkerThread "GC Thread#2"                     [id=4280, stack(0x000000136cd00000,0x000000136ce00000) (1024K)]
  0x00000149e686c0f0 WorkerThread "GC Thread#3"                     [id=1772, stack(0x000000136ce00000,0x000000136cf00000) (1024K)]
  0x00000149e686c4a0 WorkerThread "GC Thread#4"                     [id=16076, stack(0x000000136cf00000,0x000000136d000000) (1024K)]
  0x00000149e62cc430 WorkerThread "GC Thread#5"                     [id=11320, stack(0x000000136cb00000,0x000000136cc00000) (1024K)]
  0x00000149e6026470 WorkerThread "GC Thread#6"                     [id=6100, stack(0x000000136dc00000,0x000000136dd00000) (1024K)]
  0x00000149e6333c20 WorkerThread "GC Thread#7"                     [id=10732, stack(0x000000136dd00000,0x000000136de00000) (1024K)]
  0x00000149aa288bd0 ConcurrentGCThread "G1 Main Marker"            [id=9516, stack(0x000000136ba00000,0x000000136bb00000) (1024K)]
=>0x00000149aa28a7a0 WorkerThread "G1 Conc#0"                       [id=14176, stack(0x000000136bb00000,0x000000136bc00000) (1024K)]
  0x00000149e6079c50 WorkerThread "G1 Conc#1"                       [id=9812, stack(0x000000136df00000,0x000000136e000000) (1024K)]
  0x00000149aa2deb00 ConcurrentGCThread "G1 Refine#0"               [id=6840, stack(0x000000136bc00000,0x000000136bd00000) (1024K)]
  0x00000149c695c780 ConcurrentGCThread "G1 Service"                [id=17288, stack(0x000000136bd00000,0x000000136be00000) (1024K)]
Total: 15

Threads with active compile tasks:
C2 CompilerThread0  55461 8220       4       java.io.ObjectOutputStream::writeClassDesc (60 bytes)
Total: 1

VM state: not at safepoint (normal execution)

VM Mutex/Monitor currently owned by a thread: None

Heap address: 0x0000000080000000, size: 2048 MB, Compressed Oops mode: 32-bit

CDS archive(s) mapped at: [0x00000149c7000000-0x00000149c7c60000-0x00000149c7c60000), size 12976128, SharedBaseAddress: 0x00000149c7000000, ArchiveRelocationMode: 1.
Compressed class space mapped at: 0x00000149c8000000-0x00000149e2000000, reserved size: 436207616
Narrow klass base: 0x00000149c7000000, Narrow klass shift: 0, Narrow klass range: 0x1b000000

GC Precious Log:
 CardTable entry size: 512
 Card Set container configuration: InlinePtr #cards 5 size 8 Array Of Cards #cards 12 size 40 Howl #buckets 4 coarsen threshold 1843 Howl Bitmap #cards 512 size 80 coarsen threshold 460 Card regions per heap region 1 cards per card region 2048
 CPUs: 8 total, 8 available
 Memory: 8043M
 Large Page Support: Disabled
 NUMA Support: Disabled
 Compressed Oops: Enabled (32-bit)
 Heap Region Size: 1M
 Heap Min Capacity: 8M
 Heap Initial Capacity: 126M
 Heap Max Capacity: 2G
 Pre-touch: Disabled
 Parallel Workers: 8
 Concurrent Workers: 2
 Concurrent Refinement Workers: 8
 Periodic GC: Disabled

Heap:
 garbage-first heap   total reserved 2097152K, committed 116736K, used 81637K [0x0000000080000000, 0x0000000100000000)
  region size 1024K, 14 young (14336K), 4 survivors (4096K)
 Metaspace       used 72515K, committed 74560K, reserved 491520K
  class space    used 10392K, committed 11392K, reserved 425984K

Heap Regions: E=young(eden), S=young(survivor), O=old, HS=humongous(starts), HC=humongous(continues), CS=collection set, F=free, TAMS=top-at-mark-start, PB=parsable bottom
|   0|0x0000000080000000, 0x0000000080100000, 0x0000000080100000|100%|HS|  |TAMS 0x0000000080100000| PB 0x0000000080000000| Complete |  0
|   1|0x0000000080100000, 0x0000000080200000, 0x0000000080200000|100%|HC|  |TAMS 0x0000000080200000| PB 0x0000000080100000| Complete |  0
|   2|0x0000000080200000, 0x0000000080300000, 0x0000000080300000|100%|HC|  |TAMS 0x0000000080300000| PB 0x0000000080200000| Complete |  0
|   3|0x0000000080300000, 0x0000000080400000, 0x0000000080400000|100%|HC|  |TAMS 0x0000000080400000| PB 0x0000000080300000| Complete |  0
|   4|0x0000000080400000, 0x0000000080500000, 0x0000000080500000|100%| O|  |TAMS 0x0000000080500000| PB 0x0000000080400000| Untracked |  0
|   5|0x0000000080500000, 0x0000000080600000, 0x0000000080600000|100%| O|  |TAMS 0x0000000080600000| PB 0x0000000080500000| Untracked |  0
|   6|0x0000000080600000, 0x0000000080700000, 0x0000000080700000|100%| O|  |TAMS 0x0000000080700000| PB 0x0000000080600000| Untracked |  0
|   7|0x0000000080700000, 0x0000000080800000, 0x0000000080800000|100%| O|  |TAMS 0x0000000080800000| PB 0x0000000080700000| Untracked |  0
|   8|0x0000000080800000, 0x0000000080900000, 0x0000000080900000|100%| O|  |TAMS 0x0000000080900000| PB 0x0000000080800000| Untracked |  0
|   9|0x0000000080900000, 0x0000000080a00000, 0x0000000080a00000|100%| O|  |TAMS 0x0000000080a00000| PB 0x0000000080900000| Untracked |  0
|  10|0x0000000080a00000, 0x0000000080b00000, 0x0000000080b00000|100%| O|  |TAMS 0x0000000080b00000| PB 0x0000000080a00000| Untracked |  0
|  11|0x0000000080b00000, 0x0000000080c00000, 0x0000000080c00000|100%| O|  |TAMS 0x0000000080c00000| PB 0x0000000080b00000| Untracked |  0
|  12|0x0000000080c00000, 0x0000000080d00000, 0x0000000080d00000|100%| O|  |TAMS 0x0000000080d00000| PB 0x0000000080c00000| Untracked |  0
|  13|0x0000000080d00000, 0x0000000080e00000, 0x0000000080e00000|100%| O|  |TAMS 0x0000000080e00000| PB 0x0000000080d00000| Untracked |  0
|  14|0x0000000080e00000, 0x0000000080f00000, 0x0000000080f00000|100%| O|  |TAMS 0x0000000080f00000| PB 0x0000000080e00000| Untracked |  0
|  15|0x0000000080f00000, 0x0000000081000000, 0x0000000081000000|100%| O|  |TAMS 0x0000000081000000| PB 0x0000000080f00000| Untracked |  0
|  16|0x0000000081000000, 0x0000000081100000, 0x0000000081100000|100%| O|  |TAMS 0x0000000081100000| PB 0x0000000081000000| Untracked |  0
|  17|0x0000000081100000, 0x0000000081200000, 0x0000000081200000|100%| O|  |TAMS 0x0000000081200000| PB 0x0000000081100000| Untracked |  0
|  18|0x0000000081200000, 0x0000000081300000, 0x0000000081300000|100%| O|  |TAMS 0x0000000081300000| PB 0x0000000081200000| Untracked |  0
|  19|0x0000000081300000, 0x0000000081400000, 0x0000000081400000|100%| O|  |TAMS 0x0000000081400000| PB 0x0000000081300000| Untracked |  0
|  20|0x0000000081400000, 0x0000000081500000, 0x0000000081500000|100%| O|  |TAMS 0x0000000081500000| PB 0x0000000081400000| Untracked |  0
|  21|0x0000000081500000, 0x0000000081600000, 0x0000000081600000|100%| O|  |TAMS 0x0000000081600000| PB 0x0000000081500000| Untracked |  0
|  22|0x0000000081600000, 0x0000000081700000, 0x0000000081700000|100%| O|  |TAMS 0x0000000081700000| PB 0x0000000081600000| Untracked |  0
|  23|0x0000000081700000, 0x0000000081800000, 0x0000000081800000|100%| O|  |TAMS 0x0000000081800000| PB 0x0000000081700000| Untracked |  0
|  24|0x0000000081800000, 0x0000000081900000, 0x0000000081900000|100%| O|  |TAMS 0x0000000081900000| PB 0x0000000081800000| Untracked |  0
|  25|0x0000000081900000, 0x0000000081a00000, 0x0000000081a00000|100%| O|  |TAMS 0x0000000081a00000| PB 0x0000000081900000| Untracked |  0
|  26|0x0000000081a00000, 0x0000000081b00000, 0x0000000081b00000|100%| O|  |TAMS 0x0000000081b00000| PB 0x0000000081a00000| Untracked |  0
|  27|0x0000000081b00000, 0x0000000081c00000, 0x0000000081c00000|100%| O|  |TAMS 0x0000000081c00000| PB 0x0000000081b00000| Untracked |  0
|  28|0x0000000081c00000, 0x0000000081d00000, 0x0000000081d00000|100%| O|  |TAMS 0x0000000081d00000| PB 0x0000000081c00000| Untracked |  0
|  29|0x0000000081d00000, 0x0000000081e00000, 0x0000000081e00000|100%| O|  |TAMS 0x0000000081e00000| PB 0x0000000081d00000| Untracked |  0
|  30|0x0000000081e00000, 0x0000000081f00000, 0x0000000081f00000|100%| O|  |TAMS 0x0000000081f00000| PB 0x0000000081e00000| Untracked |  0
|  31|0x0000000081f00000, 0x0000000082000000, 0x0000000082000000|100%| O|  |TAMS 0x0000000082000000| PB 0x0000000081f00000| Untracked |  0
|  32|0x0000000082000000, 0x0000000082100000, 0x0000000082100000|100%| O|  |TAMS 0x0000000082100000| PB 0x0000000082000000| Untracked |  0
|  33|0x0000000082100000, 0x0000000082200000, 0x0000000082200000|100%| O|  |TAMS 0x0000000082100000| PB 0x0000000082100000| Untracked |  0
|  34|0x0000000082200000, 0x0000000082300000, 0x0000000082300000|100%| O|  |TAMS 0x0000000082300000| PB 0x0000000082200000| Untracked |  0
|  35|0x0000000082300000, 0x0000000082400000, 0x0000000082400000|100%| O|  |TAMS 0x0000000082400000| PB 0x0000000082300000| Untracked |  0
|  36|0x0000000082400000, 0x0000000082500000, 0x0000000082500000|100%| O|  |TAMS 0x0000000082500000| PB 0x0000000082400000| Untracked |  0
|  37|0x0000000082500000, 0x0000000082600000, 0x0000000082600000|100%| O|  |TAMS 0x0000000082600000| PB 0x0000000082500000| Untracked |  0
|  38|0x0000000082600000, 0x0000000082700000, 0x0000000082700000|100%| O|  |TAMS 0x0000000082700000| PB 0x0000000082600000| Untracked |  0
|  39|0x0000000082700000, 0x0000000082800000, 0x0000000082800000|100%| O|  |TAMS 0x0000000082800000| PB 0x0000000082700000| Untracked |  0
|  40|0x0000000082800000, 0x0000000082849af0, 0x0000000082900000| 28%| O|  |TAMS 0x0000000082800000| PB 0x0000000082800000| Untracked |  0
|  41|0x0000000082900000, 0x0000000082a00000, 0x0000000082a00000|100%| O|  |TAMS 0x0000000082a00000| PB 0x0000000082900000| Untracked |  0
|  42|0x0000000082a00000, 0x0000000082b00000, 0x0000000082b00000|100%| O|  |TAMS 0x0000000082b00000| PB 0x0000000082a00000| Untracked |  0
|  43|0x0000000082b00000, 0x0000000082c00000, 0x0000000082c00000|100%| O|  |TAMS 0x0000000082c00000| PB 0x0000000082b00000| Untracked |  0
|  44|0x0000000082c00000, 0x0000000082d00000, 0x0000000082d00000|100%| O|  |TAMS 0x0000000082d00000| PB 0x0000000082c00000| Untracked |  0
|  45|0x0000000082d00000, 0x0000000082e00000, 0x0000000082e00000|100%| O|  |TAMS 0x0000000082e00000| PB 0x0000000082d00000| Untracked |  0
|  46|0x0000000082e00000, 0x0000000082f00000, 0x0000000082f00000|100%| O|  |TAMS 0x0000000082f00000| PB 0x0000000082e00000| Untracked |  0
|  47|0x0000000082f00000, 0x0000000083000000, 0x0000000083000000|100%| O|  |TAMS 0x0000000083000000| PB 0x0000000082f00000| Untracked |  0
|  48|0x0000000083000000, 0x0000000083100000, 0x0000000083100000|100%| O|  |TAMS 0x0000000083100000| PB 0x0000000083000000| Untracked |  0
|  49|0x0000000083100000, 0x0000000083200000, 0x0000000083200000|100%| O|  |TAMS 0x0000000083200000| PB 0x0000000083100000| Untracked |  0
|  50|0x0000000083200000, 0x0000000083300000, 0x0000000083300000|100%| O|  |TAMS 0x0000000083300000| PB 0x0000000083200000| Untracked |  0
|  51|0x0000000083300000, 0x0000000083400000, 0x0000000083400000|100%|HS|  |TAMS 0x0000000083400000| PB 0x0000000083300000| Complete |  0
|  52|0x0000000083400000, 0x0000000083500000, 0x0000000083500000|100%|HC|  |TAMS 0x0000000083500000| PB 0x0000000083400000| Complete |  0
|  53|0x0000000083500000, 0x0000000083600000, 0x0000000083600000|100%|HS|  |TAMS 0x0000000083600000| PB 0x0000000083500000| Complete |  0
|  54|0x0000000083600000, 0x0000000083700000, 0x0000000083700000|100%|HC|  |TAMS 0x0000000083700000| PB 0x0000000083600000| Complete |  0
|  55|0x0000000083700000, 0x0000000083800000, 0x0000000083800000|100%|HS|  |TAMS 0x0000000083800000| PB 0x0000000083700000| Complete |  0
|  56|0x0000000083800000, 0x0000000083900000, 0x0000000083900000|100%|HC|  |TAMS 0x0000000083900000| PB 0x0000000083800000| Complete |  0
|  57|0x0000000083900000, 0x0000000083a00000, 0x0000000083a00000|100%|HC|  |TAMS 0x0000000083a00000| PB 0x0000000083900000| Complete |  0
|  58|0x0000000083a00000, 0x0000000083b00000, 0x0000000083b00000|100%|HC|  |TAMS 0x0000000083b00000| PB 0x0000000083a00000| Complete |  0
|  59|0x0000000083b00000, 0x0000000083c00000, 0x0000000083c00000|100%| O|  |TAMS 0x0000000083ba2410| PB 0x0000000083b00000| Untracked |  0
|  60|0x0000000083c00000, 0x0000000083d00000, 0x0000000083d00000|100%| O|  |TAMS 0x0000000083d00000| PB 0x0000000083c00000| Untracked |  0
|  61|0x0000000083d00000, 0x0000000083e00000, 0x0000000083e00000|100%| O|  |TAMS 0x0000000083e00000| PB 0x0000000083d00000| Untracked |  0
|  62|0x0000000083e00000, 0x0000000083e00000, 0x0000000083f00000|  0%| F|  |TAMS 0x0000000083e00000| PB 0x0000000083e00000| Untracked |  0
|  63|0x0000000083f00000, 0x0000000083f00000, 0x0000000084000000|  0%| F|  |TAMS 0x0000000083f00000| PB 0x0000000083f00000| Untracked |  0
|  64|0x0000000084000000, 0x0000000084000000, 0x0000000084100000|  0%| F|  |TAMS 0x0000000084000000| PB 0x0000000084000000| Untracked |  0
|  65|0x0000000084100000, 0x0000000084100000, 0x0000000084200000|  0%| F|  |TAMS 0x0000000084100000| PB 0x0000000084100000| Untracked |  0
|  66|0x0000000084200000, 0x0000000084200000, 0x0000000084300000|  0%| F|  |TAMS 0x0000000084200000| PB 0x0000000084200000| Untracked |  0
|  67|0x0000000084300000, 0x0000000084300000, 0x0000000084400000|  0%| F|  |TAMS 0x0000000084300000| PB 0x0000000084300000| Untracked |  0
|  68|0x0000000084400000, 0x0000000084400000, 0x0000000084500000|  0%| F|  |TAMS 0x0000000084400000| PB 0x0000000084400000| Untracked |  0
|  69|0x0000000084500000, 0x0000000084500000, 0x0000000084600000|  0%| F|  |TAMS 0x0000000084500000| PB 0x0000000084500000| Untracked |  0
|  70|0x0000000084600000, 0x0000000084600000, 0x0000000084700000|  0%| F|  |TAMS 0x0000000084600000| PB 0x0000000084600000| Untracked |  0
|  71|0x0000000084700000, 0x000000008476fa80, 0x0000000084800000| 43%| S|CS|TAMS 0x0000000084700000| PB 0x0000000084700000| Complete |  0
|  72|0x0000000084800000, 0x0000000084900000, 0x0000000084900000|100%| S|CS|TAMS 0x0000000084800000| PB 0x0000000084800000| Complete |  0
|  73|0x0000000084900000, 0x0000000084a00000, 0x0000000084a00000|100%| S|CS|TAMS 0x0000000084900000| PB 0x0000000084900000| Complete |  0
|  74|0x0000000084a00000, 0x0000000084b00000, 0x0000000084b00000|100%| S|CS|TAMS 0x0000000084a00000| PB 0x0000000084a00000| Complete |  0
|  75|0x0000000084b00000, 0x0000000084b00000, 0x0000000084c00000|  0%| F|  |TAMS 0x0000000084b00000| PB 0x0000000084b00000| Untracked |  0
|  76|0x0000000084c00000, 0x0000000084c00000, 0x0000000084d00000|  0%| F|  |TAMS 0x0000000084c00000| PB 0x0000000084c00000| Untracked |  0
|  77|0x0000000084d00000, 0x0000000084d00000, 0x0000000084e00000|  0%| F|  |TAMS 0x0000000084d00000| PB 0x0000000084d00000| Untracked |  0
|  78|0x0000000084e00000, 0x0000000084e00000, 0x0000000084f00000|  0%| F|  |TAMS 0x0000000084e00000| PB 0x0000000084e00000| Untracked |  0
|  79|0x0000000084f00000, 0x0000000084f00000, 0x0000000085000000|  0%| F|  |TAMS 0x0000000084f00000| PB 0x0000000084f00000| Untracked |  0
|  80|0x0000000085000000, 0x0000000085000000, 0x0000000085100000|  0%| F|  |TAMS 0x0000000085000000| PB 0x0000000085000000| Untracked |  0
|  81|0x0000000085100000, 0x0000000085100000, 0x0000000085200000|  0%| F|  |TAMS 0x0000000085100000| PB 0x0000000085100000| Untracked |  0
|  82|0x0000000085200000, 0x0000000085200000, 0x0000000085300000|  0%| F|  |TAMS 0x0000000085200000| PB 0x0000000085200000| Untracked |  0
|  83|0x0000000085300000, 0x0000000085300000, 0x0000000085400000|  0%| F|  |TAMS 0x0000000085300000| PB 0x0000000085300000| Untracked |  0
|  84|0x0000000085400000, 0x0000000085500000, 0x0000000085500000|100%|HS|  |TAMS 0x0000000085500000| PB 0x0000000085400000| Complete |  0
|  85|0x0000000085500000, 0x0000000085600000, 0x0000000085600000|100%|HC|  |TAMS 0x0000000085600000| PB 0x0000000085500000| Complete |  0
|  86|0x0000000085600000, 0x0000000085700000, 0x0000000085700000|100%|HC|  |TAMS 0x0000000085700000| PB 0x0000000085600000| Complete |  0
|  87|0x0000000085700000, 0x0000000085800000, 0x0000000085800000|100%|HC|  |TAMS 0x0000000085800000| PB 0x0000000085700000| Complete |  0
|  88|0x0000000085800000, 0x0000000085800000, 0x0000000085900000|  0%| F|  |TAMS 0x0000000085800000| PB 0x0000000085800000| Untracked |  0
|  89|0x0000000085900000, 0x0000000085900000, 0x0000000085a00000|  0%| F|  |TAMS 0x0000000085900000| PB 0x0000000085900000| Untracked |  0
|  90|0x0000000085a00000, 0x0000000085a00000, 0x0000000085b00000|  0%| F|  |TAMS 0x0000000085a00000| PB 0x0000000085a00000| Untracked |  0
|  91|0x0000000085b00000, 0x0000000085b00000, 0x0000000085c00000|  0%| F|  |TAMS 0x0000000085b00000| PB 0x0000000085b00000| Untracked |  0
|  92|0x0000000085c00000, 0x0000000085c00000, 0x0000000085d00000|  0%| F|  |TAMS 0x0000000085c00000| PB 0x0000000085c00000| Untracked |  0
|  93|0x0000000085d00000, 0x0000000085d00000, 0x0000000085e00000|  0%| F|  |TAMS 0x0000000085d00000| PB 0x0000000085d00000| Untracked |  0
|  94|0x0000000085e00000, 0x0000000085e00000, 0x0000000085f00000|  0%| F|  |TAMS 0x0000000085e00000| PB 0x0000000085e00000| Untracked |  0
|  95|0x0000000085f00000, 0x0000000085f00000, 0x0000000086000000|  0%| F|  |TAMS 0x0000000085f00000| PB 0x0000000085f00000| Untracked |  0
|  96|0x0000000086000000, 0x0000000086000000, 0x0000000086100000|  0%| F|  |TAMS 0x0000000086000000| PB 0x0000000086000000| Untracked |  0
|  97|0x0000000086100000, 0x0000000086100000, 0x0000000086200000|  0%| F|  |TAMS 0x0000000086100000| PB 0x0000000086100000| Untracked |  0
|  98|0x0000000086200000, 0x0000000086200000, 0x0000000086300000|  0%| F|  |TAMS 0x0000000086200000| PB 0x0000000086200000| Untracked |  0
|  99|0x0000000086300000, 0x0000000086300000, 0x0000000086400000|  0%| F|  |TAMS 0x0000000086300000| PB 0x0000000086300000| Untracked |  0
| 100|0x0000000086400000, 0x0000000086400000, 0x0000000086500000|  0%| F|  |TAMS 0x0000000086400000| PB 0x0000000086400000| Untracked |  0
| 101|0x0000000086500000, 0x0000000086500000, 0x0000000086600000|  0%| F|  |TAMS 0x0000000086500000| PB 0x0000000086500000| Untracked |  0
| 102|0x0000000086600000, 0x0000000086700000, 0x0000000086700000|100%| E|  |TAMS 0x0000000086600000| PB 0x0000000086600000| Complete |  0
| 103|0x0000000086700000, 0x0000000086800000, 0x0000000086800000|100%| E|CS|TAMS 0x0000000086700000| PB 0x0000000086700000| Complete |  0
| 104|0x0000000086800000, 0x0000000086900000, 0x0000000086900000|100%| E|CS|TAMS 0x0000000086800000| PB 0x0000000086800000| Complete |  0
| 105|0x0000000086900000, 0x0000000086a00000, 0x0000000086a00000|100%| E|CS|TAMS 0x0000000086900000| PB 0x0000000086900000| Complete |  0
| 106|0x0000000086a00000, 0x0000000086b00000, 0x0000000086b00000|100%| E|CS|TAMS 0x0000000086a00000| PB 0x0000000086a00000| Complete |  0
| 107|0x0000000086b00000, 0x0000000086c00000, 0x0000000086c00000|100%| E|CS|TAMS 0x0000000086b00000| PB 0x0000000086b00000| Complete |  0
| 108|0x0000000086c00000, 0x0000000086d00000, 0x0000000086d00000|100%| E|CS|TAMS 0x0000000086c00000| PB 0x0000000086c00000| Complete |  0
| 109|0x0000000086d00000, 0x0000000086e00000, 0x0000000086e00000|100%| E|CS|TAMS 0x0000000086d00000| PB 0x0000000086d00000| Complete |  0
| 125|0x0000000087d00000, 0x0000000087e00000, 0x0000000087e00000|100%| E|CS|TAMS 0x0000000087d00000| PB 0x0000000087d00000| Complete |  0
|2045|0x00000000ffd00000, 0x00000000ffe00000, 0x00000000ffe00000|100%| O|  |TAMS 0x00000000ffe00000| PB 0x00000000ffd00000| Untracked |  0
|2046|0x00000000ffe00000, 0x00000000fff00000, 0x00000000fff00000|100%| O|  |TAMS 0x00000000fff00000| PB 0x00000000ffe00000| Untracked |  0
|2047|0x00000000fff00000, 0x0000000100000000, 0x0000000100000000|100%| E|CS|TAMS 0x00000000fff00000| PB 0x00000000fff00000| Complete |  0

Card table byte_map: [0x00000149c1c90000,0x00000149c2090000] _byte_map_base: 0x00000149c1890000

Marking Bits: (CMBitMap*) 0x00000149aa2782f0
 Bits: [0x00000149c2090000, 0x00000149c4090000)

Polling page: 0x00000149a8160000

Metaspace:

Usage:
  Non-class:     60.67 MB used.
      Class:     10.15 MB used.
       Both:     70.82 MB used.

Virtual space:
  Non-class space:       64.00 MB reserved,      61.75 MB ( 96%) committed,  1 nodes.
      Class space:      416.00 MB reserved,      11.12 MB (  3%) committed,  1 nodes.
             Both:      480.00 MB reserved,      72.88 MB ( 15%) committed. 

Chunk freelists:
   Non-Class:  1.36 MB
       Class:  4.92 MB
        Both:  6.28 MB

MaxMetaspaceSize: 512.00 MB
CompressedClassSpaceSize: 416.00 MB
Initial GC threshold: 21.00 MB
Current GC threshold: 106.19 MB
CDS: on
 - commit_granule_bytes: 65536.
 - commit_granule_words: 8192.
 - virtual_space_node_default_size: 8388608.
 - enlarge_chunks_in_place: 1.
 - use_allocation_guard: 0.


Internal statistics:

num_allocs_failed_limit: 9.
num_arena_births: 3416.
num_arena_deaths: 0.
num_vsnodes_births: 2.
num_vsnodes_deaths: 0.
num_space_committed: 1166.
num_space_uncommitted: 0.
num_chunks_returned_to_freelist: 9.
num_chunks_taken_from_freelist: 6337.
num_chunk_merges: 6.
num_chunk_splits: 4188.
num_chunks_enlarged: 2703.
num_inconsistent_stats: 0.

CodeHeap 'non-profiled nmethods': size=120000Kb used=4041Kb max_used=4041Kb free=115959Kb
 bounds [0x00000149ba030000, 0x00000149ba430000, 0x00000149c1560000]
CodeHeap 'profiled nmethods': size=120000Kb used=13277Kb max_used=13277Kb free=106722Kb
 bounds [0x00000149b2560000, 0x00000149b3260000, 0x00000149b9a90000]
CodeHeap 'non-nmethods': size=5760Kb used=2897Kb max_used=2949Kb free=2862Kb
 bounds [0x00000149b9a90000, 0x00000149b9d90000, 0x00000149ba030000]
 total_blobs=8045 nmethods=7059 adapters=889
 compilation: enabled
              stopped_count=0, restarted_count=0
 full_count=0

Compilation events (20 events):
Event: 55.093 Thread 0x00000149c6ac5660 nmethod 8228 0x00000149b3233610 code [0x00000149b3233880, 0x00000149b3234588]
Event: 55.097 Thread 0x00000149c6ac4930 nmethod 8218 0x00000149ba41ce90 code [0x00000149ba41d060, 0x00000149ba41d818]
Event: 55.098 Thread 0x00000149c6ac4930 8220       4       java.io.ObjectOutputStream::writeClassDesc (60 bytes)
Event: 55.110 Thread 0x00000149c6ac5660 8229       3       org.gradle.api.internal.project.DefaultProject::getConvention (31 bytes)
Event: 55.117 Thread 0x00000149c6ac5660 nmethod 8229 0x00000149b3234a10 code [0x00000149b3234cc0, 0x00000149b3235ea0]
Event: 55.117 Thread 0x00000149c6ac5660 8230       3       org.gradle.internal.deprecation.DeprecationLogger::deprecateMethod (10 bytes)
Event: 55.117 Thread 0x00000149c6ac5660 nmethod 8230 0x00000149b3236390 code [0x00000149b3236560, 0x00000149b3236a20]
Event: 55.117 Thread 0x00000149c6ac5660 8231       3       org.gradle.internal.deprecation.DeprecationMessageBuilder$DeprecateMethod::<init> (16 bytes)
Event: 55.117 Thread 0x00000149c6ac5660 nmethod 8231 0x00000149b3236b90 code [0x00000149b3236d60, 0x00000149b3237170]
Event: 55.121 Thread 0x00000149c6ac5660 8232       3       org.gradle.api.internal.project.DefaultProject$$Lambda/0x00000149c88a5148::create (8 bytes)
Event: 55.122 Thread 0x00000149c6ac5660 nmethod 8232 0x00000149b3237290 code [0x00000149b3237540, 0x00000149b32387f8]
Event: 55.162 Thread 0x00000149c6ac5660 8234       3       org.gradle.api.internal.provider.Providers::internal (8 bytes)
Event: 55.162 Thread 0x00000149c6ac5660 nmethod 8234 0x00000149b3238d10 code [0x00000149b3238ec0, 0x00000149b32390f8]
Event: 55.169 Thread 0x00000149c6ac5660 8235       1       org.gradle.api.internal.provider.Collectors$SingleElement::size (2 bytes)
Event: 55.169 Thread 0x00000149c6ac5660 nmethod 8235 0x00000149ba41db10 code [0x00000149ba41dca0, 0x00000149ba41dd68]
Event: 55.171 Thread 0x00000149c6ac5660 8236       3       org.gradle.internal.instantiation.generator.ManagedObjectFactory$ManagedPropertyName::<init> (15 bytes)
Event: 55.172 Thread 0x00000149c6ac5660 nmethod 8236 0x00000149b3239210 code [0x00000149b32393c0, 0x00000149b32395e0]
Event: 55.172 Thread 0x00000149c6ac5660 8237       3       org.gradle.internal.serialization.Cached::of (9 bytes)
Event: 55.172 Thread 0x00000149c6ac5660 nmethod 8237 0x00000149b3239690 code [0x00000149b3239840, 0x00000149b3239b00]
Event: 55.172 Thread 0x00000149c6ac5660 8238       3       org.gradle.internal.serialization.Cached$Deferred::<init> (10 bytes)

GC Heap History (20 events):
Event: 48.316 GC heap before
{Heap before GC invocations=12 (full 0):
 garbage-first heap   total reserved 2097152K, committed 82944K, used 71790K [0x0000000080000000, 0x0000000100000000)
  region size 1024K, 32 young (32768K), 2 survivors (2048K)
 Metaspace       used 48878K, committed 50432K, reserved 491520K
  class space    used 7024K, committed 7744K, reserved 425984K
}
Event: 48.321 GC heap after
{Heap after GC invocations=13 (full 0):
 garbage-first heap   total reserved 2097152K, committed 82944K, used 44754K [0x0000000080000000, 0x0000000100000000)
  region size 1024K, 4 young (4096K), 4 survivors (4096K)
 Metaspace       used 48878K, committed 50432K, reserved 491520K
  class space    used 7024K, committed 7744K, reserved 425984K
}
Event: 49.555 GC heap before
{Heap before GC invocations=14 (full 0):
 garbage-first heap   total reserved 2097152K, committed 82944K, used 73426K [0x0000000080000000, 0x0000000100000000)
  region size 1024K, 32 young (32768K), 4 survivors (4096K)
 Metaspace       used 54014K, committed 55744K, reserved 491520K
  class space    used 7822K, committed 8640K, reserved 425984K
}
Event: 49.560 GC heap after
{Heap after GC invocations=15 (full 0):
 garbage-first heap   total reserved 2097152K, committed 82944K, used 47291K [0x0000000080000000, 0x0000000100000000)
  region size 1024K, 3 young (3072K), 3 survivors (3072K)
 Metaspace       used 54014K, committed 55744K, reserved 491520K
  class space    used 7822K, committed 8640K, reserved 425984K
}
Event: 50.843 GC heap before
{Heap before GC invocations=15 (full 0):
 garbage-first heap   total reserved 2097152K, committed 82944K, used 73915K [0x0000000080000000, 0x0000000100000000)
  region size 1024K, 29 young (29696K), 3 survivors (3072K)
 Metaspace       used 56306K, committed 58048K, reserved 491520K
  class space    used 8195K, committed 9024K, reserved 425984K
}
Event: 50.848 GC heap after
{Heap after GC invocations=16 (full 0):
 garbage-first heap   total reserved 2097152K, committed 82944K, used 49232K [0x0000000080000000, 0x0000000100000000)
  region size 1024K, 4 young (4096K), 4 survivors (4096K)
 Metaspace       used 56306K, committed 58048K, reserved 491520K
  class space    used 8195K, committed 9024K, reserved 425984K
}
Event: 50.895 GC heap before
{Heap before GC invocations=16 (full 0):
 garbage-first heap   total reserved 2097152K, committed 82944K, used 51280K [0x0000000080000000, 0x0000000100000000)
  region size 1024K, 8 young (8192K), 4 survivors (4096K)
 Metaspace       used 56604K, committed 58368K, reserved 491520K
  class space    used 8260K, committed 9088K, reserved 425984K
}
Event: 50.899 GC heap after
{Heap after GC invocations=17 (full 0):
 garbage-first heap   total reserved 2097152K, committed 82944K, used 50674K [0x0000000080000000, 0x0000000100000000)
  region size 1024K, 2 young (2048K), 2 survivors (2048K)
 Metaspace       used 56604K, committed 58368K, reserved 491520K
  class space    used 8260K, committed 9088K, reserved 425984K
}
Event: 52.018 GC heap before
{Heap before GC invocations=18 (full 0):
 garbage-first heap   total reserved 2097152K, committed 91136K, used 79346K [0x0000000080000000, 0x0000000100000000)
  region size 1024K, 25 young (25600K), 2 survivors (2048K)
 Metaspace       used 58571K, committed 60416K, reserved 491520K
  class space    used 8448K, committed 9280K, reserved 425984K
}
Event: 52.022 GC heap after
{Heap after GC invocations=19 (full 0):
 garbage-first heap   total reserved 2097152K, committed 91136K, used 57408K [0x0000000080000000, 0x0000000100000000)
  region size 1024K, 4 young (4096K), 4 survivors (4096K)
 Metaspace       used 58571K, committed 60416K, reserved 491520K
  class space    used 8448K, committed 9280K, reserved 425984K
}
Event: 52.526 GC heap before
{Heap before GC invocations=19 (full 0):
 garbage-first heap   total reserved 2097152K, committed 95232K, used 88128K [0x0000000080000000, 0x0000000100000000)
  region size 1024K, 27 young (27648K), 4 survivors (4096K)
 Metaspace       used 61329K, committed 63168K, reserved 491520K
  class space    used 8790K, committed 9664K, reserved 425984K
}
Event: 52.531 GC heap after
{Heap after GC invocations=20 (full 0):
 garbage-first heap   total reserved 2097152K, committed 97280K, used 67975K [0x0000000080000000, 0x0000000100000000)
  region size 1024K, 3 young (3072K), 3 survivors (3072K)
 Metaspace       used 61329K, committed 63168K, reserved 491520K
  class space    used 8790K, committed 9664K, reserved 425984K
}
Event: 52.966 GC heap before
{Heap before GC invocations=20 (full 0):
 garbage-first heap   total reserved 2097152K, committed 97280K, used 87431K [0x0000000080000000, 0x0000000100000000)
  region size 1024K, 22 young (22528K), 3 survivors (3072K)
 Metaspace       used 62966K, committed 64832K, reserved 491520K
  class space    used 9034K, committed 9920K, reserved 425984K
}
Event: 52.969 GC heap after
{Heap after GC invocations=21 (full 0):
 garbage-first heap   total reserved 2097152K, committed 97280K, used 68917K [0x0000000080000000, 0x0000000100000000)
  region size 1024K, 1 young (1024K), 1 survivors (1024K)
 Metaspace       used 62966K, committed 64832K, reserved 491520K
  class space    used 9034K, committed 9920K, reserved 425984K
}
Event: 53.474 GC heap before
{Heap before GC invocations=22 (full 0):
 garbage-first heap   total reserved 2097152K, committed 116736K, used 88373K [0x0000000080000000, 0x0000000100000000)
  region size 1024K, 20 young (20480K), 1 survivors (1024K)
 Metaspace       used 65347K, committed 67264K, reserved 491520K
  class space    used 9346K, committed 10240K, reserved 425984K
}
Event: 53.476 GC heap after
{Heap after GC invocations=23 (full 0):
 garbage-first heap   total reserved 2097152K, committed 116736K, used 69778K [0x0000000080000000, 0x0000000100000000)
  region size 1024K, 2 young (2048K), 2 survivors (2048K)
 Metaspace       used 65347K, committed 67264K, reserved 491520K
  class space    used 9346K, committed 10240K, reserved 425984K
}
Event: 54.469 GC heap before
{Heap before GC invocations=23 (full 0):
 garbage-first heap   total reserved 2097152K, committed 116736K, used 106642K [0x0000000080000000, 0x0000000100000000)
  region size 1024K, 38 young (38912K), 2 survivors (2048K)
 Metaspace       used 69708K, committed 71808K, reserved 491520K
  class space    used 10020K, committed 11008K, reserved 425984K
}
Event: 54.477 GC heap after
{Heap after GC invocations=24 (full 0):
 garbage-first heap   total reserved 2097152K, committed 116736K, used 71305K [0x0000000080000000, 0x0000000100000000)
  region size 1024K, 4 young (4096K), 4 survivors (4096K)
 Metaspace       used 69708K, committed 71808K, reserved 491520K
  class space    used 10020K, committed 11008K, reserved 425984K
}
Event: 55.111 GC heap before
{Heap before GC invocations=24 (full 0):
 garbage-first heap   total reserved 2097152K, committed 116736K, used 105097K [0x0000000080000000, 0x0000000100000000)
  region size 1024K, 37 young (37888K), 4 survivors (4096K)
 Metaspace       used 72001K, committed 74048K, reserved 491520K
  class space    used 10325K, committed 11264K, reserved 425984K
}
Event: 55.116 GC heap after
{Heap after GC invocations=25 (full 0):
 garbage-first heap   total reserved 2097152K, committed 116736K, used 72421K [0x0000000080000000, 0x0000000100000000)
  region size 1024K, 4 young (4096K), 4 survivors (4096K)
 Metaspace       used 72001K, committed 74048K, reserved 491520K
  class space    used 10325K, committed 11264K, reserved 425984K
}

Dll operation events (15 events):
Event: 0.142 Loaded shared library C:\Program Files\Java\jdk-22\bin\java.dll
Event: 0.168 Loaded shared library C:\Program Files\Java\jdk-22\bin\jsvml.dll
Event: 0.203 Loaded shared library C:\Program Files\Java\jdk-22\bin\zip.dll
Event: 0.207 Loaded shared library C:\Program Files\Java\jdk-22\bin\instrument.dll
Event: 0.211 Loaded shared library C:\Program Files\Java\jdk-22\bin\net.dll
Event: 0.212 Loaded shared library C:\Program Files\Java\jdk-22\bin\nio.dll
Event: 0.215 Loaded shared library C:\Program Files\Java\jdk-22\bin\zip.dll
Event: 0.417 Loaded shared library C:\Program Files\Java\jdk-22\bin\jimage.dll
Event: 0.481 Loaded shared library C:\Program Files\Java\jdk-22\bin\verify.dll
Event: 0.681 Loaded shared library C:\Users\BAYU\.gradle\native\c067742578af261105cb4f569cf0c3c89f3d7b1fecec35dd04571415982c5e48\windows-amd64\native-platform.dll
Event: 0.704 Loaded shared library C:\Users\BAYU\.gradle\native\38dada09dfb8b06ba9b0570ebf7e218e3eb74d4ef43ca46872605cf95ebc2f47\windows-amd64\native-platform-file-events.dll
Event: 2.312 Loaded shared library C:\Program Files\Java\jdk-22\bin\management.dll
Event: 2.314 Loaded shared library C:\Program Files\Java\jdk-22\bin\management_ext.dll
Event: 2.624 Loaded shared library C:\Program Files\Java\jdk-22\bin\extnet.dll
Event: 2.778 Loaded shared library C:\Program Files\Java\jdk-22\bin\sunmscapi.dll

Deoptimization events (20 events):
Event: 54.354 Thread 0x00000149e7b8bda0 Uncommon trap: trap_request=0xffffffc6 fr.pc=0x00000149ba2cf8a8 relative=0x0000000000000448
Event: 54.354 Thread 0x00000149e7b8bda0 Uncommon trap: reason=bimorphic_or_optimized_type_check action=maybe_recompile pc=0x00000149ba2cf8a8 method=java.util.regex.Matcher.search(I)Z @ 121 c2
Event: 54.354 Thread 0x00000149e7b8bda0 DEOPT PACKING pc=0x00000149ba2cf8a8 sp=0x000000136d5f5ef0
Event: 54.354 Thread 0x00000149e7b8bda0 DEOPT UNPACKING pc=0x00000149b9ae46a2 sp=0x000000136d5f5e18 mode 2
Event: 54.354 Thread 0x00000149e7b8bda0 Uncommon trap: trap_request=0xffffffc6 fr.pc=0x00000149ba2cf8a8 relative=0x0000000000000448
Event: 54.354 Thread 0x00000149e7b8bda0 Uncommon trap: reason=bimorphic_or_optimized_type_check action=maybe_recompile pc=0x00000149ba2cf8a8 method=java.util.regex.Matcher.search(I)Z @ 121 c2
Event: 54.354 Thread 0x00000149e7b8bda0 DEOPT PACKING pc=0x00000149ba2cf8a8 sp=0x000000136d5f5ef0
Event: 54.354 Thread 0x00000149e7b8bda0 DEOPT UNPACKING pc=0x00000149b9ae46a2 sp=0x000000136d5f5e18 mode 2
Event: 54.388 Thread 0x00000149e7b8bda0 Uncommon trap: trap_request=0xffffffbe fr.pc=0x00000149ba12cca0 relative=0x0000000000000200
Event: 54.388 Thread 0x00000149e7b8bda0 Uncommon trap: reason=profile_predicate action=maybe_recompile pc=0x00000149ba12cca0 method=java.util.LinkedHashMap.keysToArray([Ljava/lang/Object;Z)[Ljava/lang/Object; @ 53 c2
Event: 54.388 Thread 0x00000149e7b8bda0 DEOPT PACKING pc=0x00000149ba12cca0 sp=0x000000136d5f5af0
Event: 54.388 Thread 0x00000149e7b8bda0 DEOPT UNPACKING pc=0x00000149b9ae46a2 sp=0x000000136d5f5aa0 mode 2
Event: 54.733 Thread 0x00000149e7b8bda0 DEOPT PACKING pc=0x00000149b2f5f7a9 sp=0x000000136d5f55a0
Event: 54.733 Thread 0x00000149e7b8bda0 DEOPT UNPACKING pc=0x00000149b9ae4e42 sp=0x000000136d5f4ab0 mode 0
Event: 54.840 Thread 0x00000149e7b8bda0 DEOPT PACKING pc=0x00000149b2f5f7a9 sp=0x000000136d5f5ec0
Event: 54.840 Thread 0x00000149e7b8bda0 DEOPT UNPACKING pc=0x00000149b9ae4e42 sp=0x000000136d5f53d0 mode 0
Event: 54.885 Thread 0x00000149e7b8bda0 Uncommon trap: trap_request=0xffffffbe fr.pc=0x00000149ba12cca0 relative=0x0000000000000200
Event: 54.885 Thread 0x00000149e7b8bda0 Uncommon trap: reason=profile_predicate action=maybe_recompile pc=0x00000149ba12cca0 method=java.util.LinkedHashMap.keysToArray([Ljava/lang/Object;Z)[Ljava/lang/Object; @ 53 c2
Event: 54.885 Thread 0x00000149e7b8bda0 DEOPT PACKING pc=0x00000149ba12cca0 sp=0x000000136d5f49b0
Event: 54.885 Thread 0x00000149e7b8bda0 DEOPT UNPACKING pc=0x00000149b9ae46a2 sp=0x000000136d5f4960 mode 2

Classes loaded (20 events):
Event: 53.941 Loading class javax/xml/catalog/Normalizer
Event: 53.941 Loading class javax/xml/catalog/Normalizer done
Event: 53.941 Loading class javax/xml/catalog/CatalogReader$1
Event: 53.942 Loading class javax/xml/catalog/CatalogReader$1 done
Event: 53.942 Loading class javax/xml/catalog/SystemEntry
Event: 53.942 Loading class javax/xml/catalog/SystemEntry done
Event: 53.943 Loading class com/sun/org/apache/xerces/internal/impl/io/MalformedByteSequenceException
Event: 53.943 Loading class java/io/CharConversionException
Event: 53.944 Loading class java/io/CharConversionException done
Event: 53.944 Loading class com/sun/org/apache/xerces/internal/impl/io/MalformedByteSequenceException done
Event: 53.944 Loading class javax/xml/parsers/DocumentBuilderFactory
Event: 53.944 Loading class javax/xml/parsers/DocumentBuilderFactory done
Event: 53.944 Loading class javax/xml/parsers/FactoryFinder
Event: 53.946 Loading class javax/xml/parsers/FactoryFinder done
Event: 53.946 Loading class javax/xml/parsers/FactoryFinder$1
Event: 53.946 Loading class javax/xml/parsers/FactoryFinder$1 done
Event: 53.947 Loading class com/sun/org/apache/xerces/internal/jaxp/DocumentBuilderFactoryImpl
Event: 53.947 Loading class com/sun/org/apache/xerces/internal/jaxp/DocumentBuilderFactoryImpl done
Event: 54.868 Loading class java/util/AbstractList$ListItr
Event: 54.868 Loading class java/util/AbstractList$ListItr done

Classes unloaded (0 events):
No events

Classes redefined (0 events):
No events

Internal exceptions (20 events):
Event: 52.025 Thread 0x00000149c6aba840 Implicit null exception at 0x00000149ba188907 to 0x00000149ba1889e0
Event: 52.091 Thread 0x00000149e7b8bda0 Exception <a 'java/lang/NoSuchMethodError'{0x0000000085de4308}: static Lorg/jetbrains/kotlin/gradle/plugin/internal/DefaultConfigurationTimePropertiesAccessorVariantFactory;.<clinit>()V> (0x0000000085de4308) 
thrown [s\open\src\hotspot\share\prims\jni.cpp, line 1111]
Event: 52.092 Thread 0x00000149e7b8bda0 Exception <a 'java/lang/NoSuchMethodError'{0x0000000085c02088}: static Lorg/jetbrains/kotlin/gradle/plugin/internal/DefaultProjectIsolationStartParameterAccessorVariantFactory;.<clinit>()V> (0x0000000085c02088) 
thrown [s\open\src\hotspot\share\prims\jni.cpp, line 1111]
Event: 52.093 Thread 0x00000149e7b8bda0 Exception <a 'java/lang/NoSuchMethodError'{0x0000000085c2d748}: static Lorg/jetbrains/kotlin/gradle/plugin/internal/DefaultArtifactTypeAttributeAccessorVariantFactory;.<clinit>()V> (0x0000000085c2d748) 
thrown [s\open\src\hotspot\share\prims\jni.cpp, line 1111]
Event: 52.094 Thread 0x00000149e7b8bda0 Exception <a 'java/lang/NoSuchMethodError'{0x0000000085c58bd8}: static Lorg/jetbrains/kotlin/gradle/plugin/internal/DefaultCompatibilityConventionRegistrar$Factory;.<clinit>()V> (0x0000000085c58bd8) 
thrown [s\open\src\hotspot\share\prims\jni.cpp, line 1111]
Event: 52.095 Thread 0x00000149e7b8bda0 Exception <a 'java/lang/NoSuchMethodError'{0x0000000085c77580}: static Lorg/jetbrains/kotlin/gradle/plugin/internal/DefaultJavaSourceSetsAccessorVariantFactory;.<clinit>()V> (0x0000000085c77580) 
thrown [s\open\src\hotspot\share\prims\jni.cpp, line 1111]
Event: 52.096 Thread 0x00000149e7b8bda0 Exception <a 'java/lang/NoSuchMethodError'{0x0000000085c95300}: static Lorg/jetbrains/kotlin/gradle/plugin/internal/DefaultIdeaSyncDetectorVariantFactory;.<clinit>()V> (0x0000000085c95300) 
thrown [s\open\src\hotspot\share\prims\jni.cpp, line 1111]
Event: 52.097 Thread 0x00000149e7b8bda0 Exception <a 'java/lang/NoSuchMethodError'{0x0000000085cb4850}: static Lorg/jetbrains/kotlin/gradle/plugin/internal/DefaultKotlinTestReportCompatibilityHelperVariantFactory;.<clinit>()V> (0x0000000085cb4850) 
thrown [s\open\src\hotspot\share\prims\jni.cpp, line 1111]
Event: 52.098 Thread 0x00000149e7b8bda0 Exception <a 'java/lang/NoSuchMethodError'{0x0000000085cd3840}: static Lorg/jetbrains/kotlin/gradle/plugin/internal/DefaultMppTestReportHelperVariantFactory;.<clinit>()V> (0x0000000085cd3840) 
thrown [s\open\src\hotspot\share\prims\jni.cpp, line 1111]
Event: 52.100 Thread 0x00000149e7b8bda0 Exception <a 'java/lang/NoSuchMethodError'{0x0000000085cff2d0}: static Lorg/jetbrains/kotlin/gradle/plugin/internal/DefaultConfigurationCacheStartParameterAccessorVariantFactory;.<clinit>()V> (0x0000000085cff2d0) 
thrown [s\open\src\hotspot\share\prims\jni.cpp, line 1111]
Event: 52.101 Thread 0x00000149e7b8bda0 Exception <a 'java/lang/NoSuchMethodError'{0x000000008531f070}: static Lorg/jetbrains/kotlin/gradle/plugin/internal/MavenPluginConfigurator$DefaultMavenPluginConfiguratorVariantFactory;.<clinit>()V> (0x000000008531f070) 
thrown [s\open\src\hotspot\share\prims\jni.cpp, line 1111]
Event: 52.102 Thread 0x00000149e7b8bda0 Exception <a 'java/lang/NoSuchMethodError'{0x000000008533ce00}: static Lorg/jetbrains/kotlin/gradle/targets/js/nodejs/DefaultUnameExecutorVariantFactory;.<clinit>()V> (0x000000008533ce00) 
thrown [s\open\src\hotspot\share\prims\jni.cpp, line 1111]
Event: 52.103 Thread 0x00000149e7b8bda0 Exception <a 'java/lang/NoSuchMethodError'{0x000000008535b608}: static Lorg/jetbrains/kotlin/gradle/plugin/internal/DefaultBasePluginConfigurationVariantFactory;.<clinit>()V> (0x000000008535b608) 
thrown [s\open\src\hotspot\share\prims\jni.cpp, line 1111]
Event: 52.137 Thread 0x00000149e7b8bda0 Exception <a 'java/lang/IncompatibleClassChangeError'{0x00000000852a6358}: Found class java.lang.Object, but interface was expected> (0x00000000852a6358) 
thrown [s\open\src\hotspot\share\interpreter\linkResolver.cpp, line 841]
Event: 52.551 Thread 0x00000149e7b8bda0 Exception <a 'java/lang/NoSuchMethodError'{0x0000000087d107e0}: 'long java.lang.invoke.DelegatingMethodHandle$Holder.reinvoke_L(java.lang.Object, java.lang.Object)'> (0x0000000087d107e0) 
thrown [s\open\src\hotspot\share\interpreter\linkResolver.cpp, line 774]
Event: 53.949 Thread 0x00000149e7b8bda0 Exception <a 'java/lang/NoSuchMethodError'{0x0000000085a7c438}: 'java.lang.Object java.lang.invoke.DirectMethodHandle$Holder.newInvokeSpecial(java.lang.Object, java.lang.Object, java.lang.Object, java.lang.Object, java.lang.Object, java.lang.Object, java.lang.Object, java.lang.Object, java.lang.Object, java.lang.Object, java.lang.Object, java.lang.Object, java.lang.Object, java.lang.Object, java.lang.Object, java.lang.Object)'> (0x0000000085a7c438) 
thrown [s\open\src\hotspot\share\interpreter\linkResolver
Event: 53.950 Thread 0x00000149e7b8bda0 Exception <a 'java/lang/NoSuchMethodError'{0x0000000085a835b8}: 'java.lang.Object java.lang.invoke.DirectMethodHandle$Holder.invokeSpecial(java.lang.Object, java.lang.Object, java.lang.Object, java.lang.Object, java.lang.Object, java.lang.Object, java.lang.Object, java.lang.Object, java.lang.Object, java.lang.Object, java.lang.Object, java.lang.Object, java.lang.Object, java.lang.Object, java.lang.Object, java.lang.Object, java.lang.Object)'> (0x0000000085a835b8) 
thrown [s\open\src\hotspot\share\interpret
Event: 53.950 Thread 0x00000149e7b8bda0 Exception <a 'java/lang/NoSuchMethodError'{0x0000000085a896b0}: 'java.lang.Object java.lang.invoke.DelegatingMethodHandle$Holder.reinvoke_L(java.lang.Object, java.lang.Object, java.lang.Object, java.lang.Object, java.lang.Object, java.lang.Object, java.lang.Object, java.lang.Object, java.lang.Object, java.lang.Object, java.lang.Object, java.lang.Object, java.lang.Object, java.lang.Object, java.lang.Object, java.lang.Object)'> (0x0000000085a896b0) 
thrown [s\open\src\hotspot\share\interpreter\linkResolver.c
Event: 54.432 Thread 0x00000149e7b8bda0 Exception <a 'java/lang/NoSuchMethodError'{0x00000000848dff30}: 'java.lang.Object java.lang.invoke.DirectMethodHandle$Holder.newInvokeSpecial(java.lang.Object, java.lang.Object, java.lang.Object, java.lang.Object, java.lang.Object, java.lang.Object, java.lang.Object, java.lang.Object, java.lang.Object, java.lang.Object, java.lang.Object, java.lang.Object, java.lang.Object, java.lang.Object, java.lang.Object, java.lang.Object, java.lang.Object, java.lang.Object, java.lang.Object, java.lang.Object, java.lang
Event: 54.884 Thread 0x00000149e7b8bda0 Exception <a 'java/lang/NoSuchMethodError'{0x0000000085dc53c0}: 'int java.lang.invoke.DirectMethodHandle$Holder.invokeSpecialIFC(java.lang.Object, java.lang.Object, java.lang.Object, java.lang.Object, java.lang.Object)'> (0x0000000085dc53c0) 
thrown [s\open\src\hotspot\share\interpreter\linkResolver.cpp, line 774]

ZGC Phase Switch (0 events):
No events

VM Operations (20 events):
Event: 52.018 Executing VM operation: G1CollectForAllocation (G1 Evacuation Pause)
Event: 52.022 Executing VM operation: G1CollectForAllocation (G1 Evacuation Pause) done
Event: 52.526 Executing VM operation: G1CollectForAllocation (G1 Evacuation Pause)
Event: 52.531 Executing VM operation: G1CollectForAllocation (G1 Evacuation Pause) done
Event: 52.966 Executing VM operation: G1CollectForAllocation (G1 Evacuation Pause)
Event: 52.969 Executing VM operation: G1CollectForAllocation (G1 Evacuation Pause) done
Event: 53.042 Executing VM operation: G1PauseRemark
Event: 53.047 Executing VM operation: G1PauseRemark done
Event: 53.082 Executing VM operation: G1PauseCleanup
Event: 53.083 Executing VM operation: G1PauseCleanup done
Event: 53.474 Executing VM operation: G1CollectForAllocation (G1 Evacuation Pause)
Event: 53.476 Executing VM operation: G1CollectForAllocation (G1 Evacuation Pause) done
Event: 53.880 Executing VM operation: HandshakeAllThreads (Deoptimize)
Event: 53.880 Executing VM operation: HandshakeAllThreads (Deoptimize) done
Event: 54.469 Executing VM operation: G1CollectForAllocation (G1 Evacuation Pause)
Event: 54.477 Executing VM operation: G1CollectForAllocation (G1 Evacuation Pause) done
Event: 54.869 Executing VM operation: HandshakeAllThreads (Deoptimize)
Event: 54.870 Executing VM operation: HandshakeAllThreads (Deoptimize) done
Event: 55.111 Executing VM operation: G1CollectForAllocation (G1 Evacuation Pause)
Event: 55.117 Executing VM operation: G1CollectForAllocation (G1 Evacuation Pause) done

Events (20 events):
Event: 53.047 Thread 0x00000149c6a9bcc0 flushing nmethod 0x00000149b2b7cb10
Event: 53.047 Thread 0x00000149c6a9bcc0 flushing nmethod 0x00000149b2ba3b10
Event: 53.047 Thread 0x00000149c6a9bcc0 flushing nmethod 0x00000149b2ba4290
Event: 53.047 Thread 0x00000149c6a9bcc0 flushing nmethod 0x00000149b2c10e10
Event: 53.047 Thread 0x00000149c6a9bcc0 flushing nmethod 0x00000149b2f9e490
Event: 53.047 Thread 0x00000149c6a9bcc0 flushing nmethod 0x00000149b2f9e790
Event: 53.047 Thread 0x00000149c6a9bcc0 flushing nmethod 0x00000149b2fa6890
Event: 53.047 Thread 0x00000149c6a9bcc0 flushing nmethod 0x00000149b2fa7710
Event: 53.047 Thread 0x00000149c6a9bcc0 flushing nmethod 0x00000149b2fae510
Event: 53.047 Thread 0x00000149c6a9bcc0 flushing nmethod 0x00000149b2fafe90
Event: 53.047 Thread 0x00000149c6a9bcc0 flushing nmethod 0x00000149b2fb2a90
Event: 53.047 Thread 0x00000149c6a9bcc0 flushing nmethod 0x00000149b2fb3890
Event: 53.047 Thread 0x00000149c6a9bcc0 flushing nmethod 0x00000149b2fb4290
Event: 53.047 Thread 0x00000149c6a9bcc0 flushing nmethod 0x00000149b2fb4b90
Event: 53.047 Thread 0x00000149c6a9bcc0 flushing nmethod 0x00000149b2fcf590
Event: 53.047 Thread 0x00000149c6a9bcc0 flushing nmethod 0x00000149b2fcfa90
Event: 53.522 Thread 0x00000149e7c249b0 Thread exited: 0x00000149e7c249b0
Event: 54.062 Thread 0x00000149e9585ce0 Thread added: 0x00000149e9585ce0
Event: 54.428 Thread 0x00000149e7c249b0 Thread added: 0x00000149e7c249b0
Event: 54.834 Thread 0x00000149e7c249b0 Thread exited: 0x00000149e7c249b0


Dynamic libraries:
0x00007ff625390000 - 0x00007ff6253a0000 	C:\Program Files\Java\jdk-22\bin\java.exe
0x00007ffe75f50000 - 0x00007ffe76167000 	C:\WINDOWS\SYSTEM32\ntdll.dll
0x00007ffe74f70000 - 0x00007ffe75034000 	C:\WINDOWS\System32\KERNEL32.DLL
0x00007ffe738d0000 - 0x00007ffe73c77000 	C:\WINDOWS\System32\KERNELBASE.dll
0x00007ffe73610000 - 0x00007ffe73721000 	C:\WINDOWS\System32\ucrtbase.dll
0x00007ffe287a0000 - 0x00007ffe287b7000 	C:\Program Files\Java\jdk-22\bin\jli.dll
0x00007ffe28780000 - 0x00007ffe2879b000 	C:\Program Files\Java\jdk-22\bin\VCRUNTIME140.dll
0x00007ffe74710000 - 0x00007ffe747c2000 	C:\WINDOWS\System32\ADVAPI32.dll
0x00007ffe74650000 - 0x00007ffe746f7000 	C:\WINDOWS\System32\msvcrt.dll
0x00007ffe75c80000 - 0x00007ffe75d28000 	C:\WINDOWS\System32\sechost.dll
0x00007ffe733b0000 - 0x00007ffe733d8000 	C:\WINDOWS\System32\bcrypt.dll
0x00007ffe748d0000 - 0x00007ffe749e5000 	C:\WINDOWS\System32\RPCRT4.dll
0x00007ffe75d40000 - 0x00007ffe75eee000 	C:\WINDOWS\System32\USER32.dll
0x00007ffe73270000 - 0x00007ffe73296000 	C:\WINDOWS\System32\win32u.dll
0x00007ffe5f440000 - 0x00007ffe5f6d3000 	C:\WINDOWS\WinSxS\amd64_microsoft.windows.common-controls_6595b64144ccf1df_6.0.22621.3527_none_270e469b73872a76\COMCTL32.dll
0x00007ffe741c0000 - 0x00007ffe741e9000 	C:\WINDOWS\System32\GDI32.dll
0x00007ffe73730000 - 0x00007ffe73849000 	C:\WINDOWS\System32\gdi32full.dll
0x00007ffe732a0000 - 0x00007ffe7333a000 	C:\WINDOWS\System32\msvcp_win.dll
0x00007ffe6cce0000 - 0x00007ffe6ccea000 	C:\WINDOWS\SYSTEM32\VERSION.dll
0x00007ffe74610000 - 0x00007ffe74641000 	C:\WINDOWS\System32\IMM32.DLL
0x00007ffe28770000 - 0x00007ffe2877c000 	C:\Program Files\Java\jdk-22\bin\vcruntime140_1.dll
0x00007ffdf6730000 - 0x00007ffdf67be000 	C:\Program Files\Java\jdk-22\bin\msvcp140.dll
0x00007ffde3550000 - 0x00007ffde4297000 	C:\Program Files\Java\jdk-22\bin\server\jvm.dll
0x00007ffe75ba0000 - 0x00007ffe75c11000 	C:\WINDOWS\System32\WS2_32.dll
0x00007ffe72a30000 - 0x00007ffe72a7d000 	C:\WINDOWS\SYSTEM32\POWRPROF.dll
0x00007ffe614d0000 - 0x00007ffe61504000 	C:\WINDOWS\SYSTEM32\WINMM.dll
0x00007ffe729f0000 - 0x00007ffe72a03000 	C:\WINDOWS\SYSTEM32\UMPDC.dll
0x00007ffe72250000 - 0x00007ffe72268000 	C:\WINDOWS\SYSTEM32\kernel.appcore.dll
0x00007ffe28760000 - 0x00007ffe2876a000 	C:\Program Files\Java\jdk-22\bin\jimage.dll
0x00007ffe70a90000 - 0x00007ffe70cc2000 	C:\WINDOWS\SYSTEM32\DBGHELP.DLL
0x00007ffe73e30000 - 0x00007ffe741b8000 	C:\WINDOWS\System32\combase.dll
0x00007ffe75040000 - 0x00007ffe75117000 	C:\WINDOWS\System32\OLEAUT32.dll
0x00007ffe50580000 - 0x00007ffe505b2000 	C:\WINDOWS\SYSTEM32\dbgcore.DLL
0x00007ffe73850000 - 0x00007ffe738c9000 	C:\WINDOWS\System32\bcryptPrimitives.dll
0x00007ffe11960000 - 0x00007ffe1196f000 	C:\Program Files\Java\jdk-22\bin\instrument.dll
0x00007ffe28740000 - 0x00007ffe2875e000 	C:\Program Files\Java\jdk-22\bin\java.dll
0x00007ffe75190000 - 0x00007ffe759ec000 	C:\WINDOWS\System32\SHELL32.dll
0x00007ffe73c80000 - 0x00007ffe73e25000 	C:\WINDOWS\System32\ole32.dll
0x00007ffe71160000 - 0x00007ffe71a56000 	C:\WINDOWS\SYSTEM32\windows.storage.dll
0x00007ffe71020000 - 0x00007ffe7115e000 	C:\WINDOWS\SYSTEM32\wintypes.dll
0x00007ffe747d0000 - 0x00007ffe748c5000 	C:\WINDOWS\System32\SHCORE.dll
0x00007ffe75c20000 - 0x00007ffe75c7e000 	C:\WINDOWS\System32\shlwapi.dll
0x00007ffe731a0000 - 0x00007ffe731c1000 	C:\WINDOWS\SYSTEM32\profapi.dll
0x00007ffdf3a60000 - 0x00007ffdf3b37000 	C:\Program Files\Java\jdk-22\bin\jsvml.dll
0x00007ffe16d50000 - 0x00007ffe16d67000 	C:\Program Files\Java\jdk-22\bin\zip.dll
0x00007ffe28020000 - 0x00007ffe28030000 	C:\Program Files\Java\jdk-22\bin\net.dll
0x00007ffe726b0000 - 0x00007ffe72719000 	C:\WINDOWS\system32\mswsock.dll
0x00007ffe28000000 - 0x00007ffe28016000 	C:\Program Files\Java\jdk-22\bin\nio.dll
0x00007ffe0fa20000 - 0x00007ffe0fa30000 	C:\Program Files\Java\jdk-22\bin\verify.dll
0x00007ffe069f0000 - 0x00007ffe06a17000 	C:\Users\BAYU\.gradle\native\c067742578af261105cb4f569cf0c3c89f3d7b1fecec35dd04571415982c5e48\windows-amd64\native-platform.dll
0x00007ffe068a0000 - 0x00007ffe069e4000 	C:\Users\BAYU\.gradle\native\38dada09dfb8b06ba9b0570ebf7e218e3eb74d4ef43ca46872605cf95ebc2f47\windows-amd64\native-platform-file-events.dll
0x00007ffe503a0000 - 0x00007ffe503aa000 	C:\Program Files\Java\jdk-22\bin\management.dll
0x00007ffe11c10000 - 0x00007ffe11c1b000 	C:\Program Files\Java\jdk-22\bin\management_ext.dll
0x00007ffe75b90000 - 0x00007ffe75b98000 	C:\WINDOWS\System32\PSAPI.DLL
0x00007ffe729d0000 - 0x00007ffe729eb000 	C:\WINDOWS\SYSTEM32\CRYPTSP.dll
0x00007ffe721b0000 - 0x00007ffe721e5000 	C:\WINDOWS\system32\rsaenh.dll
0x00007ffe727c0000 - 0x00007ffe727e8000 	C:\WINDOWS\SYSTEM32\USERENV.dll
0x00007ffe72930000 - 0x00007ffe7293c000 	C:\WINDOWS\SYSTEM32\CRYPTBASE.dll
0x00007ffe71cc0000 - 0x00007ffe71ced000 	C:\WINDOWS\SYSTEM32\IPHLPAPI.DLL
0x00007ffe759f0000 - 0x00007ffe759f9000 	C:\WINDOWS\System32\NSI.dll
0x00007ffe11980000 - 0x00007ffe11989000 	C:\Program Files\Java\jdk-22\bin\extnet.dll
0x00007ffe11990000 - 0x00007ffe1199e000 	C:\Program Files\Java\jdk-22\bin\sunmscapi.dll
0x00007ffe733e0000 - 0x00007ffe73548000 	C:\WINDOWS\System32\CRYPT32.dll
0x00007ffe72c10000 - 0x00007ffe72c3e000 	C:\WINDOWS\SYSTEM32\ncrypt.dll
0x00007ffe72bd0000 - 0x00007ffe72c07000 	C:\WINDOWS\SYSTEM32\NTASN1.dll
0x00007ffe59cc0000 - 0x00007ffe59cc8000 	C:\WINDOWS\system32\wshunix.dll
0x00007ffe71d30000 - 0x00007ffe71e28000 	C:\WINDOWS\SYSTEM32\DNSAPI.dll
0x00007ffe6b970000 - 0x00007ffe6b97a000 	C:\Windows\System32\rasadhlp.dll
0x00007ffe6cd50000 - 0x00007ffe6cdd3000 	C:\WINDOWS\System32\fwpuclnt.dll

dbghelp: loaded successfully - version: 4.0.5 - missing functions: none
symbol engine: initialized successfully - sym options: 0x614 - pdb path: .;C:\Program Files\Java\jdk-22\bin;C:\WINDOWS\SYSTEM32;C:\WINDOWS\WinSxS\amd64_microsoft.windows.common-controls_6595b64144ccf1df_6.0.22621.3527_none_270e469b73872a76;C:\Program Files\Java\jdk-22\bin\server;C:\Users\BAYU\.gradle\native\c067742578af261105cb4f569cf0c3c89f3d7b1fecec35dd04571415982c5e48\windows-amd64;C:\Users\BAYU\.gradle\native\38dada09dfb8b06ba9b0570ebf7e218e3eb74d4ef43ca46872605cf95ebc2f47\windows-amd64

VM Arguments:
jvm_args: -XX:MaxMetaspaceSize=512m --add-opens=java.base/java.util=ALL-UNNAMED --add-opens=java.base/java.lang=ALL-UNNAMED --add-opens=java.base/java.lang.invoke=ALL-UNNAMED --add-opens=java.prefs/java.util.prefs=ALL-UNNAMED --add-opens=java.base/java.nio.charset=ALL-UNNAMED --add-opens=java.base/java.net=ALL-UNNAMED --add-opens=java.base/java.util.concurrent.atomic=ALL-UNNAMED -Xmx2048m -Dfile.encoding=utf8 -Duser.country=US -Duser.language=en -Duser.variant -javaagent:C:\Users\BAYU\.gradle\wrapper\dists\gradle-8.6-all\3mbtmo166bl6vumsh5k2lkq5h\gradle-8.6\lib\agents\gradle-instrumentation-agent-8.6.jar 
java_command: org.gradle.launcher.daemon.bootstrap.GradleDaemon 8.6
java_class_path (initial): C:\Users\BAYU\.gradle\wrapper\dists\gradle-8.6-all\3mbtmo166bl6vumsh5k2lkq5h\gradle-8.6\lib\gradle-launcher-8.6.jar
Launcher Type: SUN_STANDARD

[Global flags]
     intx CICompilerCount                          = 4                                         {product} {ergonomic}
   size_t CompressedClassSpaceSize                 = 436207616                                 {product} {ergonomic}
     uint ConcGCThreads                            = 2                                         {product} {ergonomic}
     uint G1ConcRefinementThreads                  = 8                                         {product} {ergonomic}
   size_t G1HeapRegionSize                         = 1048576                                   {product} {ergonomic}
   size_t InitialHeapSize                          = 132120576                                 {product} {ergonomic}
   size_t MarkStackSize                            = 4194304                                   {product} {ergonomic}
   size_t MaxHeapSize                              = 2147483648                                {product} {command line}
   size_t MaxMetaspaceSize                         = 536870912                                 {product} {command line}
   size_t MaxNewSize                               = 1287651328                                {product} {ergonomic}
   size_t MinHeapDeltaBytes                        = 1048576                                   {product} {ergonomic}
   size_t MinHeapSize                              = 8388608                                   {product} {ergonomic}
    uintx NonNMethodCodeHeapSize                   = 5839372                                {pd product} {ergonomic}
    uintx NonProfiledCodeHeapSize                  = 122909434                              {pd product} {ergonomic}
    uintx ProfiledCodeHeapSize                     = 122909434                              {pd product} {ergonomic}
    uintx ReservedCodeCacheSize                    = 251658240                              {pd product} {ergonomic}
     bool SegmentedCodeCache                       = true                                      {product} {ergonomic}
   size_t SoftMaxHeapSize                          = 2147483648                             {manageable} {ergonomic}
     bool UseCompressedOops                        = true                           {product lp64_product} {ergonomic}
     bool UseG1GC                                  = true                                      {product} {ergonomic}
     bool UseLargePagesIndividualAllocation        = false                                  {pd product} {ergonomic}

Logging:
Log output configuration:
 #0: stdout all=warning uptime,level,tags foldmultilines=false
 #1: stderr all=off uptime,level,tags foldmultilines=false

Environment Variables:
JAVA_HOME=C:\Program Files\Java\jdk-22
PATH=C:\Users\BAYU\AppData\Local\Android\Sdk\platform-tools;C:\Program Files\Java\jdk-22\bin;C:\Program Files\Common Files\Oracle\Java\javapath;C:\Program Files\Java\jdk-22\bin;C:\ProgramData\ComposerSetup\bin;D:\Git\cmd;C:\WINDOWS\system32;C:\WINDOWS;C:\WINDOWS\System32\Wbem;C:\WINDOWS\System32\OpenSSH\;C:\ProgramData\chocolatey\bin;C:\Users\BAYU\AppData\Local\Android\Sdk\platform-tools;C:\Program Files\nodejs\;%LOCALAPPDATA%\AndroidStudio\platform-tools;C:\Users\BAYU\AppData\Local\Android\Sdk\emulator;C:\Users\BAYU\AppData\Local\Android\Sdk\tools;C:\Users\BAYU\AppData\Local\Android\Sdk\tools\bin;C:\Users\BAYU\AppData\Local\Android\Sdk\platform-tools;D:\laragon\bin;D:\laragon\bin\php\php-8.1.10-Win32-vs16-x64;C:\Users\BAYU\AppData\Local\Android\Sdk\tools;C:\Users\BAYU\AppData\Local\Android\Sdk\platform-tools;C:\Users\BAYU\AppData\Local\Microsoft\WindowsApps;C:\Users\BAYU\AppData\Local\Programs\Microsoft VS Code\bin;C:\xampp\php;C:\Users\BAYU\AppData\Local\ComposerSetup\bin;C:\Users\BAYU\AppData\Roaming\Composer\vendor\bin;C:\Program Files\Java\jdk-19\bin;C:\Android\platform-tools;C:\Program Files\Java\jdk1.8.0_351\bin;C:\Users\BAYU\AppData\Local\Android\Sdk\cmdline-tools;C:\Users\BAYU\AppData\Local\Android\Sdk\cmdline-tools\bin;C:\Users\BAYU\AppData\Local\Android\Sdk\cmdline-tools\lib;C:\Users\BAYU\AppData\Roaming\npm;
USERNAME=BAYU
OS=Windows_NT
PROCESSOR_IDENTIFIER=Intel64 Family 6 Model 158 Stepping 10, GenuineIntel
TMP=C:\Users\BAYU\AppData\Local\Temp
TEMP=C:\Users\BAYU\AppData\Local\Temp




Periodic native trim disabled

---------------  S Y S T E M  ---------------

OS:
 Windows 11 , 64 bit Build 22621 (10.0.22621.3527)
OS uptime: 0 days 22:21 hours
Hyper-V role detected

CPU: total 8 (initial active 8) (4 cores per cpu, 2 threads per core) family 6 model 158 stepping 10 microcode 0xde, cx8, cmov, fxsr, ht, mmx, 3dnowpref, sse, sse2, sse3, ssse3, sse4.1, sse4.2, popcnt, lzcnt, tsc, tscinvbit, avx, avx2, aes, erms, clmul, bmi1, bmi2, adx, fma, vzeroupper, clflush, clflushopt, hv, rdtscp, f16c
Processor Information for all 8 processors :
  Max Mhz: 2304, Current Mhz: 2304, Mhz Limit: 2304

Memory: 4k page, system-wide physical 8043M (459M free)
TotalPageFile size 15467M (AvailPageFile size 6067M)
current process WorkingSet (physical memory assigned to process): 338M, peak: 338M
current process commit charge ("private bytes"): 378M, peak: 378M

vm_info: Java HotSpot(TM) 64-Bit Server VM (22.0.1+8-16) for windows-amd64 JRE (22.0.1+8-16), built on 2024-03-12T10:33:16Z by "mach5one" with MS VC++ 17.6 (VS2022)

END.
